shakeNA:     L1
 
iteration:    0,  misfit: min=  16.94294, mean=  42.76030, minc=  16.94294

      lat       lon       dep       sec       misfit
  1    40.000    77.000   305.000    30.000    30.165
  2    42.500    79.500   152.500   -30.000    73.841
  3    37.500    74.500   457.500    90.000    16.943
  4    41.250    73.250    76.250     0.000    33.660
  5    36.250    78.250   381.250   120.000    43.320
  6    38.750    80.750   228.750   -60.000    94.745
  7    43.750    75.750   533.750    60.000    30.672
  8    44.375    72.625   343.125   135.000    43.140
  9    39.375    77.625    38.125    15.000    18.358
 
iteration:    1,  misfit: min=   6.26707, mean=  35.86966, minc=   6.26707

      lat       lon       dep       sec       misfit
  1    36.077    76.024   524.219    85.547    15.394
  2    36.468    73.466   434.206     6.968    43.990
  3    36.785    73.047   493.590    45.000    19.185
  4    36.779    73.002   262.412     4.439    33.475
  5    38.375    77.430   587.148   105.000    16.586
  6    38.817    78.353    89.866    35.679     6.267
  7    37.269    75.696    45.858    93.546    50.141
  8    38.717    77.846   114.565   -39.003    65.430
  9    36.506    78.645    21.136   120.000    72.358
 
iteration:    2,  misfit: min=   6.26707, mean=  23.00197, minc=  10.96206

      lat       lon       dep       sec       misfit
  1    35.404    79.058   106.031    28.056    13.016
  2    40.249    78.101    88.887    34.008    10.962
  3    37.850    80.867   215.205    47.328    14.303
  4    38.679    81.843    25.801    67.925    24.552
  5    39.865    79.326   152.549    46.961    11.172
  6    36.341    74.774   559.324    84.819    16.064
  7    36.054    77.836   518.026    -1.308    59.050
  8    36.566    78.344   584.939    42.935    30.614
  9    37.178    75.602   482.784    37.861    27.285
 
iteration:    3,  misfit: min=   6.26707, mean=  17.42436, minc=  10.22620

      lat       lon       dep       sec       misfit
  1    38.410    77.690   116.464    85.524    32.301
  2    39.046    78.261   178.082    32.791    16.430
  3    38.439    78.717    50.474    22.492    12.164
  4    37.294    78.171   181.150    13.412    26.663
  5    37.191    76.288   179.249    27.228    13.443
  6    41.825    78.165   145.032    56.571    10.226
  7    43.640    77.088    12.974    67.943    17.534
  8    40.876    79.928    19.618    53.587    12.598
  9    43.632    78.649    78.376    60.531    15.459
 
iteration:    4,  misfit: min=   6.26707, mean=  18.27264, minc=  11.50842

      lat       lon       dep       sec       misfit
  1    38.405    78.704    78.022    59.270    14.718
  2    38.788    79.843    80.600    49.551    11.508
  3    38.351    77.757     5.494    58.299    22.015
  4    38.230    76.949    15.480    54.359    18.847
  5    37.460    77.511    44.532    49.927    13.833
  6    41.790    75.323   209.463    84.955    18.077
  7    42.154    79.489   139.170    42.198    19.919
  8    40.773    76.899   196.249   102.095    32.697
  9    41.735    78.428   282.025    82.559    12.838
 
iteration:    5,  misfit: min=   5.01568, mean=   8.51383, minc=   5.01568

      lat       lon       dep       sec       misfit
  1    38.563    78.577   115.555    29.208    12.829
  2    39.468    77.994    44.177    45.360     5.345
  3    38.855    78.236    97.060    39.941     5.016
  4    39.503    78.185    58.299    34.331     6.394
  5    39.129    78.051   120.572    38.929     6.726
  6    42.534    77.053   146.461    59.193    10.183
  7    41.077    78.287   153.540    71.927    13.241
  8    42.012    76.263    89.301    46.803     8.081
  9    41.366    77.405   178.853    67.679     8.809
 
iteration:    6,  misfit: min=   3.06392, mean=   9.58544, minc=   3.06392

      lat       lon       dep       sec       misfit
  1    38.360    78.125   100.428    49.845     7.344
  2    39.085    78.728    99.557    47.282     7.041
  3    38.970    78.028    67.531    47.865     6.532
  4    38.346    77.866   113.852    37.635     5.403
  5    38.417    78.203   101.607    47.806     6.266
  6    40.186    78.419    14.412    64.797    19.985
  7    39.391    77.593    55.321    42.190     3.064
  8    39.624    77.541     2.785    59.627    20.048
  9    40.759    78.309    27.619    55.379    10.585
 
iteration:    7,  misfit: min=   0.98631, mean=   5.36490, minc=   0.98631

      lat       lon       dep       sec       misfit
  1    39.224    77.151    34.714    48.454     8.913
  2    38.728    76.490    81.711    42.242     3.457
  3    39.150    76.133    87.818    38.441     3.073
  4    39.935    76.407   125.920    34.023    11.436
  5    39.445    77.119    14.238    34.869     0.986
  6    38.819    78.188    89.323    45.075     5.295
  7    38.855    78.357   118.034    46.862     5.660
  8    38.923    77.917   100.560    41.502     3.943
  9    38.911    78.049    96.899    48.414     5.521
 
iteration:    8,  misfit: min=   0.98631, mean=   9.16724, minc=   2.54018

      lat       lon       dep       sec       misfit
  1    40.456    76.172    17.997     6.357    24.188
  2    40.639    75.818    11.082    43.052     6.158
  3    39.413    77.080    38.416    26.881     8.648
  4    39.811    76.964    63.957    27.178    11.631
  5    38.482    76.722    32.182    20.715     9.804
  6    38.910    77.750    44.464    37.400     3.113
  7    39.790    77.382    72.094    31.084     9.709
  8    39.614    77.316    63.009    50.331     6.713
  9    39.420    77.451    66.820    42.422     2.540
 
iteration:    9,  misfit: min=   0.98631, mean=   3.55200, minc=   2.54545

      lat       lon       dep       sec       misfit
  1    39.656    76.731    23.239    43.546     5.680
  2    39.935    77.528     7.571    36.503     2.838
  3    39.191    76.784    26.431    39.331     3.271
  4    39.665    76.093    10.676    34.737     2.885
  5    39.658    76.531    15.405    31.446     2.545
  6    39.477    77.672    99.231    47.330     3.701
  7    39.521    77.298    86.951    46.600     3.212
  8    39.397    77.576    88.900    38.613     4.440
  9    39.410    77.697    77.054    43.560     3.395
 
iteration:   10,  misfit: min=   0.98631, mean=   3.30157, minc=   1.16023

      lat       lon       dep       sec       misfit
  1    39.312    77.540     3.345    24.393     6.557
  2    39.144    77.342     5.283    29.388     2.290
  3    39.642    76.994    21.745    37.725     1.374
  4    39.616    77.159     7.260    24.052     7.772
  5    39.084    77.471     6.771    35.349     2.917
  6    39.691    77.371    70.591    38.872     3.509
  7    38.937    77.315    63.024    41.438     2.664
  8    39.419    76.890    63.589    41.778     1.471
  9    39.346    77.041    59.190    40.301     1.160
 
iteration:   11,  misfit: min=   0.98631, mean=   3.03234, minc=   1.22818

      lat       lon       dep       sec       misfit
  1    39.661    77.205    10.375    32.475     2.238
  2    39.332    76.894    19.980    33.304     1.228
  3    39.137    76.929     1.152    35.417     3.474
  4    39.397    77.278     4.359    36.859     3.152
  5    39.351    77.290    12.957    37.819     2.971
  6    39.082    77.019    64.993    44.632     3.977
  7    39.305    76.994    60.892    44.414     3.571
  8    39.138    76.996    62.185    33.453     4.756
  9    39.397    77.275    51.312    40.556     1.924
 
iteration:   12,  misfit: min=   0.98631, mean=   2.44777, minc=   1.35598

      lat       lon       dep       sec       misfit
  1    39.489    77.041    21.636    30.063     4.497
  2    39.576    76.995    18.096    32.759     2.151
  3    39.524    77.128    21.093    31.808     3.272
  4    39.451    77.360    21.894    32.509     2.917
  5    39.448    77.173    29.279    34.759     1.872
  6    39.199    77.009    58.590    37.968     1.356
  7    39.574    77.095    58.660    37.205     2.857
  8    39.380    76.932    62.081    38.259     1.617
  9    39.237    77.134    68.136    39.014     1.491
 
iteration:   13,  misfit: min=   0.98631, mean=   1.89518, minc=   1.23205

      lat       lon       dep       sec       misfit
  1    39.368    76.973     6.886    35.230     1.891
  2    39.499    77.149    10.118    35.466     1.425
  3    39.534    77.243    17.788    36.932     1.682
  4    39.554    77.129    13.803    37.548     2.220
  5    39.207    77.087    11.921    34.843     1.533
  6    39.314    76.926    42.141    41.820     3.145
  7    39.331    77.142    54.024    41.041     1.839
  8    39.404    77.084    55.814    37.246     2.089
  9    39.262    76.978    57.518    40.091     1.232
 
iteration:   14,  misfit: min=   0.82951, mean=   1.27318, minc=   0.82951

      lat       lon       dep       sec       misfit
  1    39.404    77.149    11.249    33.962     0.960
  2    39.404    77.262    15.619    33.824     1.321
  3    39.481    77.126    13.224    35.437     1.217
  4    39.453    77.015    16.865    35.334     0.830
  5    39.346    77.150    13.335    36.170     1.859
  6    39.328    77.055    55.563    38.784     1.078
  7    39.331    77.032    64.903    39.445     1.147
  8    39.488    77.080    58.969    41.776     1.764
  9    39.469    77.073    64.864    41.151     1.283
 
iteration:   15,  misfit: min=   0.82951, mean=   2.12500, minc=   1.01745

      lat       lon       dep       sec       misfit
  1    39.471    77.061    16.147    33.870     1.075
  2    39.413    76.957    22.075    36.564     1.017
  3    39.322    76.973    17.955    37.683     2.468
  4    39.390    76.996    23.316    40.949     4.100
  5    39.389    77.068    17.615    36.932     1.779
  6    39.396    77.105     6.088    35.330     1.929
  7    39.390    77.212     8.677    33.684     1.180
  8    39.328    77.066     1.138    29.259     2.024
  9    39.434    77.065     7.244    28.689     3.553
 
iteration:   16,  misfit: min=   0.69853, mean=   1.37280, minc=   0.69853

      lat       lon       dep       sec       misfit
  1    39.547    76.950    16.847    36.407     1.154
  2    39.515    76.876    12.801    35.387     1.046
  3    39.494    76.924    19.376    35.319     0.699
  4    39.486    77.061    21.239    36.631     1.094
  5    39.492    77.042    13.659    35.710     1.142
  6    39.384    77.142    10.612    31.187     2.003
  7    39.387    77.120    14.565    31.718     2.102
  8    39.356    77.178    12.258    34.426     1.192
  9    39.384    77.114    12.811    31.625     1.924
 
iteration:   17,  misfit: min=   0.69853, mean=   1.74466, minc=   0.81893

      lat       lon       dep       sec       misfit
  1    39.565    76.825    38.077    35.063     2.399
  2    39.580    76.786    27.905    31.894     3.771
  3    39.562    76.890    31.205    35.605     1.333
  4    39.468    76.856    21.085    33.027     1.867
  5    39.487    76.719    31.027    37.093     0.922
  6    39.421    77.017    14.127    36.565     1.842
  7    39.431    76.946    16.047    36.813     1.785
  8    39.395    77.020    15.893    34.881     0.819
  9    39.455    77.046    17.562    35.748     0.965
 
iteration:   18,  misfit: min=   0.69853, mean=   0.91680, minc=   0.74786

      lat       lon       dep       sec       misfit
  1    39.539    76.888    20.789    35.136     0.778
  2    39.461    76.889    25.695    35.175     0.826
  3    39.492    76.955    20.210    33.471     1.596
  4    39.470    76.963    22.181    35.339     0.757
  5    39.461    76.851    18.182    35.495     0.778
  6    39.305    76.992    12.621    33.716     0.861
  7    39.436    76.979    15.892    33.182     1.122
  8    39.373    76.962    13.154    34.155     0.785
  9    39.358    76.959    17.839    34.408     0.748
 
iteration:   19,  misfit: min=   0.68058, mean=   0.92586, minc=   0.68058

      lat       lon       dep       sec       misfit
  1    39.502    76.899    20.941    37.544     1.595
  2    39.473    76.932    20.898    36.355     0.907
  3    39.460    76.935    19.604    36.279     0.981
  4    39.503    76.900    18.646    34.753     0.743
  5    39.507    76.904    17.806    35.062     0.681
  6    39.413    76.967    19.873    34.944     0.745
  7    39.260    76.925    19.233    35.205     1.039
  8    39.380    76.929    16.576    34.920     0.799
  9    39.338    77.029    21.054    34.972     0.843
 
iteration:   20,  misfit: min=   0.68058, mean=   0.78742, minc=   0.68670

      lat       lon       dep       sec       misfit
  1    39.480    76.911    17.807    35.409     0.687
  2    39.518    76.894    15.878    34.294     0.748
  3    39.605    76.879    15.800    34.198     0.923
  4    39.496    76.905    14.982    33.661     0.835
  5    39.546    76.932    15.906    34.416     0.789
  6    39.526    76.945    19.346    34.922     0.797
  7    39.466    76.939    18.921    34.417     0.799
  8    39.484    76.934    18.881    35.245     0.700
  9    39.521    76.975    18.553    34.810     0.808
 
iteration:   21,  misfit: min=   0.67445, mean=   0.91857, minc=   0.67445

      lat       lon       dep       sec       misfit
  1    39.529    76.908    15.661    35.293     0.742
  2    39.519    76.863    17.381    35.764     0.872
  3    39.531    76.875    17.813    35.126     0.674
  4    39.518    76.912    16.873    36.046     1.022
  5    39.525    76.899    18.152    35.296     0.683
  6    39.463    76.894    17.914    35.938     0.970
  7    39.463    76.897    14.426    36.221     1.486
  8    39.428    76.899    16.467    35.426     0.874
  9    39.497    76.879    17.329    35.870     0.943
 
iteration:   22,  misfit: min=   0.67445, mean=   0.81507, minc=   0.67808

      lat       lon       dep       sec       misfit
  1    39.587    76.842    18.123    35.072     0.738
  2    39.533    76.802    18.938    34.855     0.721
  3    39.552    76.869    15.853    35.213     0.734
  4    39.556    76.859    18.520    33.557     1.382
  5    39.540    76.736    17.873    33.898     1.015
  6    39.503    76.912    18.521    35.138     0.691
  7    39.501    76.900    16.455    34.810     0.680
  8    39.499    76.937    16.859    34.864     0.697
  9    39.490    76.908    16.051    34.862     0.678
 
iteration:   23,  misfit: min=   0.67110, mean=   0.76857, minc=   0.67110

      lat       lon       dep       sec       misfit
  1    39.524    76.871    17.178    35.344     0.708
  2    39.543    76.898    17.372    34.744     0.749
  3    39.553    76.887    17.958    34.689     0.786
  4    39.529    76.852    19.442    34.392     0.860
  5    39.548    76.851    17.552    35.154     0.671
  6    39.490    76.892    15.265    35.115     0.718
  7    39.487    76.923    14.566    35.496     0.959
  8    39.508    76.908    15.028    34.862     0.683
  9    39.458    76.886    14.060    34.951     0.783
 
iteration:   24,  misfit: min=   0.67110, mean=   0.76340, minc=   0.67872

      lat       lon       dep       sec       misfit
  1    39.544    76.860    18.405    34.875     0.733
  2    39.543    76.849    17.122    35.696     0.863
  3    39.562    76.811    17.128    35.919     0.981
  4    39.560    76.839    19.025    34.891     0.758
  5    39.550    76.834    16.485    35.186     0.721
  6    39.537    76.881    18.510    35.050     0.708
  7    39.523    76.864    18.370    34.692     0.744
  8    39.538    76.872    18.567    35.226     0.679
  9    39.554    76.871    19.088    35.401     0.684
 
iteration:   25,  misfit: min=   0.67110, mean=   0.68464, minc=   0.67356

      lat       lon       dep       sec       misfit
  1    39.537    76.835    18.452    35.272     0.681
  2    39.544    76.855    18.081    35.301     0.675
  3    39.548    76.857    17.755    35.149     0.678
  4    39.567    76.850    16.761    35.299     0.731
  5    39.556    76.849    18.080    35.159     0.691
  6    39.539    76.879    17.423    35.170     0.674
  7    39.545    76.874    17.417    35.173     0.674
  8    39.526    76.882    16.973    34.866     0.684
  9    39.536    76.880    17.946    35.253     0.674
 
iteration:   26,  misfit: min=   0.66973, mean=   0.72292, minc=   0.66973

      lat       lon       dep       sec       misfit
  1    39.536    76.854    16.891    35.076     0.670
  2    39.535    76.852    16.618    35.266     0.727
  3    39.549    76.848    17.258    34.983     0.690
  4    39.556    76.843    17.359    35.169     0.683
  5    39.544    76.852    17.587    34.876     0.710
  6    39.536    76.875    17.873    35.297     0.676
  7    39.549    76.891    18.104    35.311     0.693
  8    39.544    76.886    17.888    36.124     0.973
  9    39.527    76.886    18.037    35.370     0.685
 
iteration:   27,  misfit: min=   0.66973, mean=   0.70196, minc=   0.67250

      lat       lon       dep       sec       misfit
  1    39.528    76.855    16.140    35.000     0.673
  2    39.522    76.829    15.949    34.250     0.736
  3    39.495    76.828    15.518    34.514     0.673
  4    39.514    76.842    16.110    34.171     0.747
  5    39.494    76.839    16.391    34.633     0.675
  6    39.550    76.853    16.847    35.332     0.737
  7    39.549    76.855    17.441    35.293     0.694
  8    39.550    76.856    17.419    35.011     0.693
  9    39.543    76.850    17.506    35.300     0.690
 
iteration:   28,  misfit: min=   0.66973, mean=   0.67778, minc=   0.67339

      lat       lon       dep       sec       misfit
  1    39.533    76.843    16.914    34.831     0.685
  2    39.540    76.848    17.017    35.158     0.682
  3    39.540    76.863    16.482    34.872     0.682
  4    39.533    76.858    16.897    35.158     0.677
  5    39.521    76.848    17.029    34.868     0.673
  6    39.547    76.844    17.461    35.125     0.674
  7    39.546    76.854    17.639    35.121     0.676
  8    39.551    76.845    17.686    35.197     0.677
  9    39.552    76.852    17.312    35.133     0.674
 
iteration:   29,  misfit: min=   0.66898, mean=   0.67663, minc=   0.66898

      lat       lon       dep       sec       misfit
  1    39.532    76.850    17.085    35.019     0.670
  2    39.538    76.860    16.855    34.949     0.676
  3    39.540    76.857    16.927    34.988     0.673
  4    39.539    76.854    17.297    35.125     0.669
  5    39.529    76.854    16.869    34.988     0.670
  6    39.547    76.849    17.640    35.227     0.678
  7    39.551    76.852    17.660    35.156     0.676
  8    39.551    76.848    17.670    35.057     0.690
  9    39.550    76.849    17.518    35.051     0.687
 
iteration:   30,  misfit: min=   0.66891, mean=   0.67390, minc=   0.66891

      lat       lon       dep       sec       misfit
  1    39.540    76.865    17.378    35.113     0.671
  2    39.538    76.858    17.335    35.046     0.672
  3    39.543    76.851    17.394    35.118     0.669
  4    39.541    76.854    17.048    35.153     0.676
  5    39.539    76.859    17.428    35.274     0.684
  6    39.532    76.855    16.842    35.054     0.669
  7    39.538    76.850    16.522    34.996     0.670
  8    39.536    76.853    16.921    35.200     0.685
  9    39.536    76.853    16.959    35.014     0.670
 
 * DISPLY
              HYPOCENTRE SOLUTION      LI
              ShakeNA program           PDE
  DATE:
    Year      1997                     1997
    Month     IV                       IV  
    Day        6                        6
    Hour       4                        4
    Minute    36                       36
    Second      35.054                   30.000
  LOCATION:
    Latitude    39.532                   40.000
    Longitude   76.855                   77.000
    Depth       16.842                   10.000
  RESIDUAL:          0.669                    4.400

 Arrival Times for estimated hypocentre
 CODE         HOUR MIN  SEC     RESID     chr  cmn  csec   delta     baz
 NRIL P        4   42   48.10   -0.14      4   42   48.24   30.66      8.0
 NRIL S        4   47   51.00    1.35      4   47   49.65   30.66      8.0
 HIA  P        4   42   58.30    0.12      4   42   58.18   31.77     57.9
 HIA  S        4   48    9.40    2.09      4   48    7.31   31.77     57.9
 SSE  P        4   43   42.30    0.01      4   43   42.29   36.84     89.2
 SSE  S        4   49   27.80    1.86      4   49   25.94   36.84     89.2
 YAK  P        4   43   57.50   -0.95      4   43   58.45   38.80     36.8
 YAK  S        4   49   53.60   -1.33      4   49   54.93   38.80     36.8
 DPC  P        4   44   35.10    1.73      4   44   33.37   43.01    305.2
 KBS  P        4   45    3.30    0.66      4   45    2.64   46.73    346.1
 MAJO P        4   45    8.40   -1.48      4   45    9.88   47.59     73.2
 MAJO S        4   52    3.80   -0.66      4   52    4.46   47.59     73.2
 KMBO P        4   46    0.80    0.15      4   46    0.65   54.31    231.7
 BGCA P        4   46   57.30   -1.31      4   46   58.61   62.61    252.9
 DBIC P        4   48   39.50   -1.06      4   48   40.56   79.40    269.9
 
