shakeNA:     L1
 
iteration:    0,  misfit: min=  16.94963, mean=  42.74524, minc=  16.94963

      lat       lon       dep       sec       misfit
  1    40.000    77.000   305.000    30.000    30.149
  2    42.500    79.500   152.500   -30.000    73.806
  3    37.500    74.500   457.500    90.000    16.950
  4    41.250    73.250    76.250     0.000    33.640
  5    36.250    78.250   381.250   120.000    43.326
  6    38.750    80.750   228.750   -60.000    94.719
  7    43.750    75.750   533.750    60.000    30.663
  8    44.375    72.625   343.125   135.000    43.123
  9    39.375    77.625    38.125    15.000    18.330
 
iteration:    1,  misfit: min=   6.22587, mean=  35.85118, minc=   6.22587

      lat       lon       dep       sec       misfit
  1    36.077    76.024   524.219    85.547    15.357
  2    36.468    73.466   434.206     6.968    43.992
  3    36.785    73.047   493.590    45.000    19.159
  4    36.779    73.002   262.412     4.439    33.474
  5    38.375    77.430   587.148   105.000    16.497
  6    38.817    78.353    89.866    35.679     6.226
  7    37.269    75.696    45.858    93.546    50.155
  8    38.717    77.846   114.565   -39.003    65.409
  9    36.506    78.645    21.136   120.000    72.392
 
iteration:    2,  misfit: min=   6.22587, mean=  22.97541, minc=  10.93381

      lat       lon       dep       sec       misfit
  1    35.404    79.058   106.031    28.056    12.996
  2    40.249    78.101    88.887    34.008    10.934
  3    37.850    80.867   215.205    47.328    14.236
  4    38.679    81.843    25.801    67.925    24.504
  5    39.865    79.326   152.549    46.961    11.122
  6    36.341    74.774   559.324    84.819    16.026
  7    36.054    77.836   518.026    -1.308    59.054
  8    36.566    78.344   584.939    42.935    30.621
  9    37.178    75.602   482.784    37.861    27.287
 
iteration:    3,  misfit: min=   6.22587, mean=  17.38409, minc=  10.16193

      lat       lon       dep       sec       misfit
  1    38.410    77.690   116.464    85.524    32.320
  2    39.046    78.261   178.082    32.791    16.409
  3    38.439    78.717    50.474    22.492    12.137
  4    37.294    78.171   181.150    13.412    26.649
  5    37.191    76.288   179.249    27.228    13.434
  6    41.825    78.165   145.032    56.571    10.162
  7    43.640    77.088    12.974    67.943    17.464
  8    40.876    79.928    19.618    53.587    12.508
  9    43.632    78.649    78.376    60.531    15.373
 
iteration:    4,  misfit: min=   6.22587, mean=  18.26197, minc=  11.45716

      lat       lon       dep       sec       misfit
  1    38.405    78.704    78.022    59.270    14.695
  2    38.788    79.843    80.600    49.551    11.457
  3    38.351    77.757     5.494    58.299    22.070
  4    38.230    76.949    15.480    54.359    18.889
  5    37.460    77.511    44.532    49.927    13.853
  6    41.790    75.323   209.463    84.955    18.063
  7    42.154    79.489   139.170    42.198    19.882
  8    40.773    76.899   196.249   102.095    32.720
  9    41.735    78.428   282.025    82.559    12.728
 
iteration:    5,  misfit: min=   4.96083, mean=   8.45628, minc=   4.96083

      lat       lon       dep       sec       misfit
  1    38.563    78.577   115.555    29.208    12.806
  2    39.468    77.994    44.177    45.360     5.278
  3    38.855    78.236    97.060    39.941     4.961
  4    39.503    78.185    58.299    34.331     6.370
  5    39.129    78.051   120.572    38.929     6.703
  6    42.534    77.053   146.461    59.193    10.119
  7    41.077    78.287   153.540    71.927    13.130
  8    42.012    76.263    89.301    46.803     8.042
  9    41.366    77.405   178.853    67.679     8.698
 
iteration:    6,  misfit: min=   2.97483, mean=   9.55265, minc=   2.97483

      lat       lon       dep       sec       misfit
  1    38.360    78.125   100.428    49.845     7.299
  2    39.085    78.728    99.557    47.282     6.984
  3    38.970    78.028    67.531    47.865     6.489
  4    38.346    77.866   113.852    37.635     5.378
  5    38.417    78.203   101.607    47.806     6.237
  6    40.186    78.419    14.412    64.797    20.038
  7    39.391    77.593    55.321    42.190     2.975
  8    39.624    77.541     2.785    59.627    20.110
  9    40.759    78.309    27.619    55.379    10.463
 
iteration:    7,  misfit: min=   0.94228, mean=   5.33126, minc=   0.94228

      lat       lon       dep       sec       misfit
  1    39.224    77.151    34.714    48.454     8.940
  2    38.728    76.490    81.711    42.242     3.460
  3    39.150    76.133    87.818    38.441     3.025
  4    39.935    76.407   125.920    34.023    11.415
  5    39.445    77.119    14.238    34.869     0.942
  6    38.819    78.188    89.323    45.075     5.246
  7    38.855    78.357   118.034    46.862     5.612
  8    38.923    77.917   100.560    41.502     3.889
  9    38.911    78.049    96.899    48.414     5.454
 
iteration:    8,  misfit: min=   0.94228, mean=   9.13792, minc=   2.45802

      lat       lon       dep       sec       misfit
  1    40.456    76.172    17.997     6.357    24.144
  2    40.639    75.818    11.082    43.052     6.196
  3    39.413    77.080    38.416    26.881     8.621
  4    39.811    76.964    63.957    27.178    11.606
  5    38.482    76.722    32.182    20.715     9.779
  6    38.910    77.750    44.464    37.400     3.074
  7    39.790    77.382    72.094    31.084     9.683
  8    39.614    77.316    63.009    50.331     6.679
  9    39.420    77.451    66.820    42.422     2.458
 
iteration:    9,  misfit: min=   0.94228, mean=   3.51914, minc=   2.52913

      lat       lon       dep       sec       misfit
  1    39.656    76.731    23.239    43.546     5.718
  2    39.935    77.528     7.571    36.503     2.740
  3    39.191    76.784    26.431    39.331     3.304
  4    39.665    76.093    10.676    34.737     2.938
  5    39.658    76.531    15.405    31.446     2.529
  6    39.477    77.672    99.231    47.330     3.614
  7    39.521    77.298    86.951    46.600     3.099
  8    39.397    77.576    88.900    38.613     4.416
  9    39.410    77.697    77.054    43.560     3.313
 
iteration:   10,  misfit: min=   0.94228, mean=   3.24941, minc=   1.07081

      lat       lon       dep       sec       misfit
  1    39.312    77.540     3.345    24.393     6.496
  2    39.144    77.342     5.283    29.388     2.313
  3    39.642    76.994    21.745    37.725     1.302
  4    39.616    77.159     7.260    24.052     7.717
  5    39.084    77.471     6.771    35.349     2.868
  6    39.691    77.371    70.591    38.872     3.476
  7    38.937    77.315    63.024    41.438     2.620
  8    39.419    76.890    63.589    41.778     1.380
  9    39.346    77.041    59.190    40.301     1.071
 
iteration:   11,  misfit: min=   0.94228, mean=   3.01101, minc=   1.22074

      lat       lon       dep       sec       misfit
  1    39.661    77.205    10.375    32.475     2.178
  2    39.332    76.894    19.980    33.304     1.221
  3    39.137    76.929     1.152    35.417     3.534
  4    39.397    77.278     4.359    36.859     3.157
  5    39.351    77.290    12.957    37.819     2.942
  6    39.082    77.019    64.993    44.632     3.974
  7    39.305    76.994    60.892    44.414     3.537
  8    39.138    76.996    62.185    33.453     4.732
  9    39.397    77.275    51.312    40.556     1.825
 
iteration:   12,  misfit: min=   0.94228, mean=   2.41219, minc=   1.31113

      lat       lon       dep       sec       misfit
  1    39.489    77.041    21.636    30.063     4.458
  2    39.576    76.995    18.096    32.759     2.107
  3    39.524    77.128    21.093    31.808     3.231
  4    39.451    77.360    21.894    32.509     2.874
  5    39.448    77.173    29.279    34.759     1.843
  6    39.199    77.009    58.590    37.968     1.311
  7    39.574    77.095    58.660    37.205     2.831
  8    39.380    76.932    62.081    38.259     1.593
  9    39.237    77.134    68.136    39.014     1.460
 
iteration:   13,  misfit: min=   0.94228, mean=   1.87436, minc=   1.18825

      lat       lon       dep       sec       misfit
  1    39.368    76.973     6.886    35.230     1.924
  2    39.499    77.149    10.118    35.466     1.405
  3    39.534    77.243    17.788    36.932     1.621
  4    39.554    77.129    13.803    37.548     2.191
  5    39.207    77.087    11.921    34.843     1.538
  6    39.314    76.926    42.141    41.820     3.144
  7    39.331    77.142    54.024    41.041     1.793
  8    39.404    77.084    55.814    37.246     2.064
  9    39.262    76.978    57.518    40.091     1.188
 
iteration:   14,  misfit: min=   0.80741, mean=   1.22176, minc=   0.80741

      lat       lon       dep       sec       misfit
  1    39.404    77.149    11.249    33.962     0.932
  2    39.404    77.262    15.619    33.824     1.271
  3    39.481    77.126    13.224    35.437     1.173
  4    39.453    77.015    16.865    35.334     0.807
  5    39.346    77.150    13.335    36.170     1.843
  6    39.328    77.055    55.563    38.784     1.025
  7    39.331    77.032    64.903    39.445     1.110
  8    39.488    77.080    58.969    41.776     1.650
  9    39.469    77.073    64.864    41.151     1.185
 
iteration:   15,  misfit: min=   0.80741, mean=   2.11253, minc=   0.99436

      lat       lon       dep       sec       misfit
  1    39.471    77.061    16.147    33.870     1.048
  2    39.413    76.957    22.075    36.564     0.994
  3    39.322    76.973    17.955    37.683     2.478
  4    39.390    76.996    23.316    40.949     4.138
  5    39.389    77.068    17.615    36.932     1.749
  6    39.396    77.105     6.088    35.330     1.924
  7    39.390    77.212     8.677    33.684     1.151
  8    39.328    77.066     1.138    29.259     2.034
  9    39.434    77.065     7.244    28.689     3.498
 
iteration:   16,  misfit: min=   0.67398, mean=   1.33580, minc=   0.67398

      lat       lon       dep       sec       misfit
  1    39.547    76.950    16.847    36.407     1.118
  2    39.515    76.876    12.801    35.387     1.043
  3    39.494    76.924    19.376    35.319     0.674
  4    39.486    77.061    21.239    36.631     1.031
  5    39.492    77.042    13.659    35.710     1.126
  6    39.384    77.142    10.612    31.187     1.952
  7    39.387    77.120    14.565    31.718     2.055
  8    39.356    77.178    12.258    34.426     1.149
  9    39.384    77.114    12.811    31.625     1.875
 
iteration:   17,  misfit: min=   0.67398, mean=   1.72107, minc=   0.81353

      lat       lon       dep       sec       misfit
  1    39.565    76.825    38.077    35.063     2.372
  2    39.580    76.786    27.905    31.894     3.737
  3    39.562    76.890    31.205    35.605     1.302
  4    39.468    76.856    21.085    33.027     1.828
  5    39.487    76.719    31.027    37.093     0.898
  6    39.421    77.017    14.127    36.565     1.826
  7    39.431    76.946    16.047    36.813     1.787
  8    39.395    77.020    15.893    34.881     0.814
  9    39.455    77.046    17.562    35.748     0.926
 
iteration:   18,  misfit: min=   0.67398, mean=   0.90676, minc=   0.71559

      lat       lon       dep       sec       misfit
  1    39.539    76.888    20.789    35.136     0.741
  2    39.461    76.889    25.695    35.175     0.789
  3    39.492    76.955    20.210    33.471     1.555
  4    39.470    76.963    22.181    35.339     0.720
  5    39.461    76.851    18.182    35.495     0.773
  6    39.437    76.980    13.879    34.979     0.840
  7    39.481    76.971    16.910    33.807     0.981
  8    39.461    76.958    13.384    34.621     0.716
  9    39.463    76.962    17.533    33.637     1.046
 
iteration:   19,  misfit: min=   0.66848, mean=   0.96652, minc=   0.66848

      lat       lon       dep       sec       misfit
  1    39.502    76.900    20.962    37.537     1.558
  2    39.474    76.932    20.920    36.365     0.884
  3    39.460    76.935    19.612    36.291     0.973
  4    39.502    76.897    18.661    34.943     0.680
  5    39.508    76.903    17.845    35.081     0.668
  6    39.554    76.978    11.511    34.658     0.773
  7    39.471    76.909    10.576    34.842     0.992
  8    39.479    76.950    11.467    32.964     0.898
  9    39.472    76.972    12.122    35.626     1.270
 
iteration:   20,  misfit: min=   0.66848, mean=   0.87661, minc=   0.67215

      lat       lon       dep       sec       misfit
  1    39.497    76.919    17.899    35.418     0.681
  2    39.523    76.897    15.803    33.579     0.960
  3    39.588    76.853    16.000    33.555     1.095
  4    39.536    76.876    15.487    32.750     1.522
  5    39.553    76.886    16.246    34.455     0.750
  6    39.526    76.945    19.256    34.879     0.768
  7    39.450    76.934    19.048    34.601     0.704
  8    39.496    76.928    18.702    35.450     0.672
  9    39.516    76.970    18.594    34.915     0.738
 
iteration:   21,  misfit: min=   0.65919, mean=   0.77529, minc=   0.65919

      lat       lon       dep       sec       misfit
  1    39.506    76.919    15.006    34.801     0.668
  2    39.510    76.857    16.597    34.952     0.659
  3    39.510    76.885    16.705    34.765     0.667
  4    39.486    76.893    15.676    35.429     0.834
  5    39.509    76.902    17.564    35.129     0.666
  6    39.497    76.921    18.919    36.055     0.849
  7    39.506    76.941    18.268    36.523     1.135
  8    39.473    76.930    18.575    35.757     0.771
  9    39.530    76.925    18.321    35.736     0.727
 
iteration:   22,  misfit: min=   0.65919, mean=   1.09049, minc=   0.66464

      lat       lon       dep       sec       misfit
  1    39.604    76.667    13.960    36.540     1.833
  2    39.539    76.674    16.529    36.837     1.862
  3    39.561    76.808    15.124    36.339     1.415
  4    39.553    76.737    19.465    34.616     0.818
  5    39.552    76.657    18.139    35.925     1.216
  6    39.514    76.904    17.520    35.181     0.665
  7    39.524    76.895    16.603    35.177     0.668
  8    39.511    76.927    16.978    34.950     0.670
  9    39.499    76.914    16.451    34.964     0.668
 
iteration:   23,  misfit: min=   0.65919, mean=   0.76235, minc=   0.66352

      lat       lon       dep       sec       misfit
  1    39.508    76.840    15.552    36.008     1.209
  2    39.529    76.866    16.962    34.511     0.726
  3    39.514    76.849    16.844    35.135     0.666
  4    39.459    76.831    16.859    33.916     0.762
  5    39.530    76.813    14.536    33.866     0.754
  6    39.525    76.895    18.380    35.567     0.683
  7    39.518    76.897    17.719    35.644     0.732
  8    39.532    76.902    18.709    35.324     0.666
  9    39.523    76.899    17.554    35.261     0.664
 
iteration:   24,  misfit: min=   0.65773, mean=   0.72374, minc=   0.65773

      lat       lon       dep       sec       misfit
  1    39.497    76.868    16.706    34.785     0.665
  2    39.478    76.855    15.262    35.172     0.790
  3    39.515    76.850    15.447    34.717     0.658
  4    39.522    76.855    16.113    34.651     0.673
  5    39.489    76.827    14.785    34.779     0.729
  6    39.535    76.903    17.636    34.793     0.716
  7    39.533    76.897    17.720    34.539     0.754
  8    39.534    76.908    18.076    34.567     0.775
  9    39.535    76.893    18.155    34.614     0.755
 
iteration:   25,  misfit: min=   0.64990, mean=   0.67623, minc=   0.64990

      lat       lon       dep       sec       misfit
  1    39.501    76.839    15.997    34.767     0.660
  2    39.518    76.850    15.726    34.815     0.657
  3    39.514    76.864    14.921    34.461     0.665
  4    39.550    76.848    13.459    34.557     0.650
  5    39.539    76.851    14.378    34.484     0.673
  6    39.505    76.863    16.310    35.155     0.684
  7    39.520    76.864    16.626    35.162     0.655
  8    39.505    76.870    15.513    35.158     0.717
  9    39.513    76.872    16.880    35.421     0.725
 
iteration:   26,  misfit: min=   0.64990, mean=   0.95767, minc=   0.65560

      lat       lon       dep       sec       misfit
  1    39.553    76.891    11.887    34.260     0.672
  2    39.578    76.859     7.421    34.748     1.133
  3    39.589    76.741     5.618    34.525     1.402
  4    39.670    76.776     5.239    35.109     1.574
  5    39.598    76.854    10.887    35.046     0.953
  6    39.531    76.859    16.501    35.069     0.656
  7    39.534    76.877    16.890    35.094     0.659
  8    39.536    76.862    16.019    35.727     0.906
  9    39.523    76.854    16.695    35.168     0.664
 
iteration:   27,  misfit: min=   0.64990, mean=   0.72453, minc=   0.65783

      lat       lon       dep       sec       misfit
  1    39.564    76.849    11.632    34.775     0.801
  2    39.507    76.845    11.328    33.797     0.674
  3    39.522    76.831    10.577    34.343     0.763
  4    39.551    76.840    13.352    34.141     0.711
  5    39.531    76.837    13.441    35.095     0.849
  6    39.521    76.869    15.766    35.291     0.744
  7    39.522    76.867    17.633    35.193     0.660
  8    39.521    76.870    16.432    34.888     0.661
  9    39.515    76.870    16.945    35.154     0.658
 
iteration:   28,  misfit: min=   0.64990, mean=   0.71453, minc=   0.65570

      lat       lon       dep       sec       misfit
  1    39.562    76.833    13.080    34.558     0.666
  2    39.587    76.847    14.007    35.276     0.842
  3    39.570    76.877    14.044    34.749     0.689
  4    39.579    76.848    14.687    35.194     0.772
  5    39.552    76.821    13.908    34.839     0.714
  6    39.520    76.860    16.233    35.030     0.656
  7    39.523    76.864    17.055    35.099     0.659
  8    39.529    76.863    16.529    35.450     0.759
  9    39.526    76.868    16.560    35.256     0.674
 
iteration:   29,  misfit: min=   0.64990, mean=   0.70682, minc=   0.65834

      lat       lon       dep       sec       misfit
  1    39.542    76.846    13.108    34.748     0.705
  2    39.553    76.867    12.571    34.363     0.666
  3    39.554    76.862    13.171    34.442     0.669
  4    39.546    76.856    14.128    35.049     0.749
  5    39.547    76.850    12.855    34.938     0.795
  6    39.514    76.860    16.814    35.302     0.697
  7    39.520    76.864    16.534    35.280     0.692
  8    39.519    76.862    16.820    35.054     0.658
  9    39.519    76.862    16.216    35.312     0.730
 
iteration:   30,  misfit: min=   0.64990, mean=   0.66510, minc=   0.65027

      lat       lon       dep       sec       misfit
  1    39.555    76.855    14.058    34.528     0.677
  2    39.556    76.849    13.117    34.377     0.677
  3    39.560    76.845    14.337    34.620     0.673
  4    39.565    76.846    13.618    34.566     0.669
  5    39.544    76.856    13.492    34.658     0.650
  6    39.513    76.865    16.551    35.122     0.658
  7    39.524    76.861    16.536    35.135     0.655
  8    39.517    76.866    16.683    35.238     0.671
  9    39.516    76.867    16.656    35.124     0.657
 
 * DISPLY
              HYPOCENTRE SOLUTION      LI
              ShakeNA program           PDE
  DATE:
    Year      1997                     1997
    Month     IV                       IV  
    Day        6                        6
    Hour       4                        4
    Minute    36                       36
    Second      34.557                   30.000
  LOCATION:
    Latitude    39.550                   40.000
    Longitude   76.848                   77.000
    Depth       13.459                   10.000
  RESIDUAL:          0.650                    4.346

 Arrival Times for estimated hypocentre
 CODE         HOUR MIN  SEC     RESID     chr  cmn  csec   delta     baz
 NRIL P        4   42   48.10    0.00      4   42   48.10   30.65      8.0
 NRIL S        4   47   51.00    0.26      4   47   50.74   30.65      8.0
 HIA  P        4   42   58.30    0.16      4   42   58.14   31.76     57.9
 HIA  S        4   48    9.40    0.85      4   48    8.55   31.76     57.9
 SSE  P        4   43   42.30    0.03      4   43   42.27   36.84     89.2
 SSE  S        4   49   27.80    0.62      4   49   27.18   36.84     89.2
 YAK  P        4   43   57.50   -0.78      4   43   58.28   38.78     36.9
 YAK  S        4   49   53.60   -2.29      4   49   55.89   38.78     36.9
 DPC  P        4   44   35.10    1.95      4   44   33.15   43.00    305.2
 KBS  P        4   45    3.30    0.90      4   45    2.40   46.72    346.1
 MAJO P        4   45    8.40   -1.39      4   45    9.79   47.59     73.2
 MAJO S        4   52    3.80   -1.72      4   52    5.52   47.59     73.2
 KMBO P        4   46    0.80    0.15      4   46    0.65   54.32    231.7
 BGCA P        4   46   57.30   -1.34      4   46   58.64   62.61    252.9
 DBIC P        4   48   39.50   -1.14      4   48   40.64   79.40    269.9
 
