shakeNA:     L1
 
iteration:    0,  misfit: min=  18.21112, mean=  45.38151, minc=  18.21112

      lat       lon       dep       sec       misfit
  1    43.000    74.000   305.000    30.000    34.734
  2    45.500    76.500   152.500   -30.000    77.930
  3    40.500    71.500   457.500    90.000    18.211
  4    44.250    70.250    76.250     0.000    39.205
  5    39.250    75.250   381.250   120.000    38.033
  6    41.750    77.750   228.750   -60.000    99.617
  7    46.750    72.750   533.750    60.000    35.387
  8    47.375    69.625   343.125   135.000    42.191
  9    42.375    74.625    38.125    15.000    23.126
 
iteration:    1,  misfit: min=  11.34578, mean=  37.18105, minc=  11.34578

      lat       lon       dep       sec       misfit
  1    39.077    73.024   524.219    85.547    14.238
  2    39.468    70.466   434.206     6.968    49.129
  3    39.785    70.047   493.590    45.000    26.668
  4    39.779    70.002   262.412     4.439    38.733
  5    41.375    74.430   587.148   105.000    12.230
  6    41.817    75.353    89.866    35.679    11.346
  7    40.269    72.696    45.858    93.546    44.978
  8    41.717    74.846   114.565   -39.003    70.315
  9    39.506    75.645    21.136   120.000    66.993
 
iteration:    2,  misfit: min=   9.69946, mean=  17.43507, minc=   9.69946

      lat       lon       dep       sec       misfit
  1    38.404    76.058   106.031    28.056     9.699
  2    43.249    75.101    88.887    34.008    16.188
  3    40.850    77.867   215.205    47.328    12.894
  4    41.679    78.843    25.801    67.925    17.525
  5    42.865    76.326   152.549    46.961    13.201
  6    42.726    72.872   573.827    83.504    16.178
  7    41.769    78.118   495.296    47.342    35.829
  8    44.056    75.552   591.768    83.633    18.753
  9    43.892    74.326   510.672    80.006    16.648
 
iteration:    3,  misfit: min=   3.17893, mean=  28.82755, minc=   3.17893

      lat       lon       dep       sec       misfit
  1    38.714    74.369   127.990    62.025    15.784
  2    39.665    76.119   238.151     5.765    41.826
  3    39.091    76.564    59.710    -0.055    29.997
  4    38.139    74.985   264.086   -34.381    69.700
  5    38.041    74.352   261.504   -19.323    56.836
  6    41.096    76.042   135.990    58.217     6.428
  7    40.993    75.031    13.752    68.650    24.635
  8    40.236    76.771    32.362    43.022     3.179
  9    42.117    75.593    56.355    58.987    11.064
 
iteration:    4,  misfit: min=   3.17893, mean=  17.51671, minc=   4.62527

      lat       lon       dep       sec       misfit
  1    39.504    77.476    35.002    75.787    28.997
  2    40.992    78.166    60.154    23.236    18.932
  3    39.281    77.102     3.697    44.266     9.422
  4    39.604    75.204    30.283    43.467     7.269
  5    38.918    77.184    54.275    65.822    21.525
  6    40.787    74.467   242.851    75.014    11.452
  7    40.750    75.904   110.580    45.600     4.625
  8    39.727    75.782   195.775    97.791    33.458
  9    40.351    76.691   214.701    88.515    21.969
 
iteration:    5,  misfit: min=   3.17893, mean=   8.91410, minc=   3.95662

      lat       lon       dep       sec       misfit
  1    40.486    77.231    71.863    34.403     8.850
  2    41.306    77.201    11.657    61.833    16.423
  3    40.642    76.883    59.351    33.249     8.695
  4    41.588    76.870     9.289    47.031     7.344
  5    41.387    76.427    48.048    34.766     8.319
  6    40.953    75.738   113.242    30.556    15.056
  7    39.497    76.050   158.064    46.511     3.957
  8    39.996    74.852   114.642    47.230     6.773
  9    40.426    75.489   133.381    53.063     4.810
 
iteration:    6,  misfit: min=   3.17893, mean=  10.99504, minc=   3.42281

      lat       lon       dep       sec       misfit
  1    39.892    77.427    33.432    51.605     9.345
  2    40.558    77.199    29.435    46.127     4.887
  3    40.178    76.350     1.239    70.379    28.402
  4    39.993    76.227    56.309    36.897     3.423
  5    39.948    77.052    15.155    47.628     8.711
  6    40.080    77.128   148.440    48.042     4.167
  7    38.734    75.632   205.935    32.971    14.901
  8    39.695    76.329    98.095    54.157     7.392
  9    39.556    76.627   214.280    34.550    17.726
 
iteration:    7,  misfit: min=   2.69544, mean=   5.99130, minc=   2.69544

      lat       lon       dep       sec       misfit
  1    40.390    76.458    15.935    47.549     8.045
  2    40.005    76.470    44.824    45.803     4.672
  3    40.090    76.327    23.238    47.575     8.060
  4    40.679    76.600    39.509    48.099     5.410
  5    40.109    76.523     4.628    40.085     4.456
  6    39.313    76.200    31.989    33.613     2.695
  7    40.357    76.364    92.946    33.922     9.753
  8    39.706    75.835    63.178    31.305     6.823
  9    40.064    75.912    72.515    46.356     4.007
 
iteration:    8,  misfit: min=   2.34831, mean=   6.96307, minc=   2.34831

      lat       lon       dep       sec       misfit
  1    39.398    75.798    27.651    10.970    18.430
  2    39.739    75.788    10.675    35.547     3.971
  3    38.860    76.132    30.849    19.012    11.403
  4    38.988    76.247    58.840    42.427     4.242
  5    38.257    75.800    32.637    19.172     9.656
  6    39.978    77.024    21.604    34.102     3.000
  7    40.078    76.832    51.897    32.999     6.639
  8    40.113    76.877    30.351    42.354     2.978
  9    40.095    76.805    32.204    37.154     2.348
 
iteration:    9,  misfit: min=   1.29279, mean=   3.77194, minc=   1.29279

      lat       lon       dep       sec       misfit
  1    39.724    76.691    37.977    39.147     1.293
  2    40.228    77.086    34.142    36.007     4.096
  3    40.159    76.756    40.922    37.085     2.890
  4    40.111    76.478    30.084    35.686     2.513
  5    40.503    76.517    30.875    33.101     5.421
  6    39.540    76.235    31.935    45.878     7.355
  7    39.016    75.844     7.380    37.502     6.372
  8    39.078    76.420    34.585    33.010     2.346
  9    39.080    76.691    22.328    34.083     1.662
 
iteration:   10,  misfit: min=   0.97955, mean=   4.91390, minc=   0.97955

      lat       lon       dep       sec       misfit
  1    39.563    77.051    28.448    36.648     1.043
  2    39.486    76.932    44.058    34.486     3.270
  3    39.773    76.524    52.568    40.371     1.458
  4    39.690    76.790    20.687    35.176     0.980
  5    39.534    76.921    54.022    43.854     3.140
  6    39.232    76.738    34.906    19.673    13.062
  7    39.088    77.532     3.196    12.816    14.903
  8    38.737    77.168    12.851    32.439     2.079
  9    38.626    76.697     9.185    35.017     4.291
 
iteration:   11,  misfit: min=   0.96683, mean=   4.21633, minc=   0.96683

      lat       lon       dep       sec       misfit
  1    39.801    76.664     9.930    26.331     6.323
  2    39.574    76.511    29.767    31.800     3.740
  3    39.444    76.621     1.565    32.555     1.304
  4    39.547    76.814    17.866    43.479     6.496
  5    39.500    76.842    14.674    35.452     0.967
  6    39.424    77.216    30.005    46.800     7.539
  7    39.699    76.951    31.359    41.633     2.978
  8    39.634    77.523    34.442    33.726     4.189
  9    39.609    78.053     5.655    33.965     4.411
 
iteration:   12,  misfit: min=   0.96681, mean=   3.22355, minc=   0.96681

      lat       lon       dep       sec       misfit
  1    39.528    76.731    19.959    29.762     4.307
  2    39.537    76.742    13.159    37.454     2.545
  3    39.435    76.875    15.484    29.651     3.697
  4    39.482    77.103     7.909    37.657     3.158
  5    39.447    76.863    25.762    32.066     3.105
  6    39.614    76.739    25.086    30.682     4.433
  7    39.901    76.743    24.792    32.462     3.812
  8    39.676    76.706    27.827    36.880     0.967
  9    39.573    76.790    26.007    32.601     2.989
 
iteration:   13,  misfit: min=   0.96681, mean=   1.91886, minc=   1.26289

      lat       lon       dep       sec       misfit
  1    39.663    76.463    23.993    39.531     2.866
  2    39.804    76.696    26.223    37.844     1.435
  3    39.791    76.807    28.757    37.127     1.269
  4    39.598    76.566    27.947    39.757     2.583
  5    39.472    76.578    26.013    37.158     1.462
  6    39.469    76.838     0.375    36.251     3.394
  7    39.419    77.001    19.264    36.884     1.501
  8    39.639    76.994    17.595    33.990     1.498
  9    39.264    76.798    14.121    34.610     1.263
 
iteration:   14,  misfit: min=   0.93128, mean=   1.71797, minc=   0.93128

      lat       lon       dep       sec       misfit
  1    39.643    76.723    22.137    39.944     3.050
  2    39.640    76.803    30.308    35.499     1.440
  3    39.726    76.700    28.615    37.751     1.210
  4    39.711    76.613    30.240    35.206     1.734
  5    39.566    76.719    26.308    38.784     1.916
  6    39.560    76.877     9.559    32.381     1.135
  7    39.477    76.788    13.947    33.209     0.931
  8    39.597    76.936    11.248    37.242     2.254
  9    39.597    76.912    18.359    37.759     1.791
 
iteration:   15,  misfit: min=   0.82815, mean=   1.25261, minc=   0.82815

      lat       lon       dep       sec       misfit
  1    39.523    76.831    13.812    31.502     2.230
  2    39.416    76.749    14.584    33.157     0.982
  3    39.363    76.651    14.804    32.892     1.157
  4    39.494    76.769    18.029    33.706     1.035
  5    39.449    76.853    10.365    32.666     0.828
  6    39.640    76.626    26.449    38.007     1.519
  7    39.653    76.753    28.736    37.444     1.009
  8    39.620    76.648    20.363    36.692     1.296
  9    39.716    76.607    21.562    36.366     1.218
 
iteration:   16,  misfit: min=   0.67361, mean=   1.25585, minc=   0.67361

      lat       lon       dep       sec       misfit
  1    39.489    76.880    11.714    33.988     0.674
  2    39.414    76.853     7.797    30.552     1.914
  3    39.341    76.901     9.054    33.459     0.845
  4    39.307    77.028     7.476    33.299     0.941
  5    39.386    76.953     2.130    30.361     1.379
  6    39.449    76.808    13.457    32.181     1.453
  7    39.496    76.786    15.705    32.353     1.695
  8    39.440    76.805    12.051    34.146     0.762
  9    39.469    76.793    14.194    32.092     1.640
 
iteration:   17,  misfit: min=   0.67361, mean=   1.57581, minc=   0.69248

      lat       lon       dep       sec       misfit
  1    39.565    76.836    12.627    34.156     0.718
  2    39.516    76.956    10.372    33.852     0.692
  3    39.505    76.979    13.401    34.680     0.740
  4    39.430    76.974    13.612    32.550     1.287
  5    39.456    76.865    13.702    34.761     0.762
  6    39.360    76.849    11.828    35.472     1.558
  7    39.372    76.759    13.713    37.403     2.874
  8    39.389    76.812    10.592    36.345     2.361
  9    39.396    76.827     9.900    37.338     3.189
 
iteration:   18,  misfit: min=   0.67361, mean=   1.22344, minc=   0.67571

      lat       lon       dep       sec       misfit
  1    39.524    76.883    11.365    34.004     0.676
  2    39.460    76.873    12.597    33.738     0.683
  3    39.514    76.905    13.098    32.670     1.283
  4    39.494    76.897    14.519    34.161     0.700
  5    39.482    76.898     6.994    34.383     1.049
  6    39.474    76.958     1.624    33.604     1.065
  7    39.589    77.044     9.435    30.669     2.714
  8    39.570    77.030     6.666    33.752     0.835
  9    39.553    76.967    13.121    31.971     2.005
 
iteration:   19,  misfit: min=   0.67361, mean=   0.80988, minc=   0.67616

      lat       lon       dep       sec       misfit
  1    39.507    76.876    12.602    34.868     0.795
  2    39.484    76.924    11.980    34.145     0.677
  3    39.455    76.927    11.669    34.762     0.865
  4    39.463    76.880    10.515    33.879     0.676
  5    39.487    76.849     9.818    34.112     0.724
  6    39.576    76.918    10.796    34.989     0.894
  7    39.540    76.870    12.690    35.224     0.937
  8    39.557    76.887     9.201    34.627     0.879
  9    39.534    76.917    12.945    35.129     0.841
 
iteration:   20,  misfit: min=   0.66483, mean=   0.72591, minc=   0.66483

      lat       lon       dep       sec       misfit
  1    39.476    76.889    12.669    34.559     0.680
  2    39.476    76.888    11.026    34.198     0.670
  3    39.503    76.860    12.244    33.857     0.691
  4    39.481    76.870    11.230    33.100     0.761
  5    39.496    76.889    11.205    33.895     0.674
  6    39.562    76.884    11.784    33.595     0.798
  7    39.516    76.888    11.374    33.203     0.804
  8    39.537    76.852    10.607    33.995     0.665
  9    39.541    76.901    10.890    33.380     0.790
 
iteration:   21,  misfit: min=   0.66483, mean=   0.98233, minc=   0.67562

      lat       lon       dep       sec       misfit
  1    39.556    76.800     6.894    33.509     0.708
  2    39.549    76.722     6.348    34.716     1.471
  3    39.576    76.732     6.675    32.974     0.779
  4    39.563    76.794     4.218    34.246     1.247
  5    39.547    76.831     8.918    33.727     0.676
  6    39.459    76.872    11.414    34.429     0.762
  7    39.464    76.889    10.918    35.028     1.094
  8    39.445    76.890    10.029    34.801     1.082
  9    39.497    76.879    10.245    34.880     1.022
 
iteration:   22,  misfit: min=   0.66483, mean=   0.74955, minc=   0.67033

      lat       lon       dep       sec       misfit
  1    39.547    76.827    10.884    34.887     0.937
  2    39.519    76.833    10.230    34.234     0.734
  3    39.534    76.856     8.853    34.169     0.757
  4    39.542    76.861    11.336    33.319     0.799
  5    39.525    76.821    11.415    33.625     0.721
  6    39.466    76.892    11.733    34.057     0.675
  7    39.479    76.889    11.010    34.061     0.670
  8    39.458    76.904    10.806    34.296     0.724
  9    39.465    76.900    10.200    34.259     0.730
 
iteration:   23,  misfit: min=   0.66483, mean=   0.69715, minc=   0.67066

      lat       lon       dep       sec       misfit
  1    39.538    76.856    10.506    34.478     0.778
  2    39.565    76.866    10.289    33.942     0.699
  3    39.546    76.865    10.993    34.058     0.678
  4    39.525    76.845    11.800    33.818     0.707
  5    39.544    76.850     9.975    34.238     0.722
  6    39.481    76.877    10.699    33.905     0.671
  7    39.483    76.903    10.764    34.069     0.671
  8    39.486    76.887    10.662    33.886     0.672
  9    39.478    76.888    10.185    34.122     0.677
 
iteration:   24,  misfit: min=   0.66255, mean=   0.68951, minc=   0.66255

      lat       lon       dep       sec       misfit
  1    39.531    76.863    10.622    33.731     0.702
  2    39.519    76.859    10.077    34.176     0.687
  3    39.527    76.848    11.101    34.107     0.663
  4    39.547    76.840    11.429    33.724     0.736
  5    39.550    76.836    10.608    33.773     0.710
  6    39.481    76.891    11.490    33.836     0.678
  7    39.477    76.889    11.246    33.724     0.679
  8    39.476    76.898    11.495    33.872     0.678
  9    39.484    76.890    11.461    33.960     0.675
 
iteration:   25,  misfit: min=   0.66255, mean=   0.69203, minc=   0.66515

      lat       lon       dep       sec       misfit
  1    39.513    76.841    11.880    34.274     0.675
  2    39.523    76.851    11.566    34.616     0.774
  3    39.527    76.853    12.080    34.408     0.674
  4    39.530    76.838    11.112    34.405     0.733
  5    39.533    76.845    12.281    34.378     0.673
  6    39.535    76.853    10.263    34.076     0.665
  7    39.546    76.847    10.527    34.026     0.666
  8    39.528    76.850    10.321    33.837     0.671
  9    39.547    76.854    10.689    33.873     0.697
 
iteration:   26,  misfit: min=   0.66245, mean=   0.67954, minc=   0.66245

      lat       lon       dep       sec       misfit
  1    39.522    76.865    11.199    34.241     0.662
  2    39.520    76.854    10.846    34.388     0.727
  3    39.526    76.847    10.873    34.124     0.666
  4    39.536    76.843    10.987    34.153     0.669
  5    39.532    76.848    11.681    34.040     0.678
  6    39.537    76.847    10.649    33.832     0.689
  7    39.537    76.857    11.050    33.999     0.677
  8    39.537    76.849    10.447    34.078     0.665
  9    39.533    76.845    10.764    33.865     0.683
 
iteration:   27,  misfit: min=   0.66245, mean=   0.69607, minc=   0.66437

      lat       lon       dep       sec       misfit
  1    39.519    76.872    10.546    34.319     0.702
  2    39.516    76.872    11.286    34.065     0.668
  3    39.515    76.874    10.934    34.649     0.805
  4    39.528    76.875    11.480    34.264     0.664
  5    39.514    76.876    11.519    34.604     0.751
  6    39.528    76.853    10.973    34.242     0.672
  7    39.526    76.854    11.432    34.100     0.665
  8    39.523    76.859    11.043    33.964     0.667
  9    39.522    76.854    11.365    33.977     0.670
 
iteration:   28,  misfit: min=   0.66199, mean=   0.66935, minc=   0.66199

      lat       lon       dep       sec       misfit
  1    39.519    76.860    11.178    34.175     0.663
  2    39.524    76.862    11.620    34.468     0.705
  3    39.519    76.868    11.035    34.246     0.662
  4    39.519    76.866    11.908    34.382     0.664
  5    39.508    76.864    11.097    34.209     0.663
  6    39.527    76.842    11.158    33.973     0.667
  7    39.527    76.849    11.313    34.077     0.664
  8    39.528    76.841    11.257    34.186     0.671
  9    39.530    76.849    11.050    34.020     0.664
 
iteration:   29,  misfit: min=   0.66199, mean=   0.67402, minc=   0.66270

      lat       lon       dep       sec       misfit
  1    39.515    76.866    11.065    34.310     0.674
  2    39.519    76.869    10.637    34.127     0.663
  3    39.527    76.872    10.763    34.049     0.665
  4    39.522    76.865    10.935    34.172     0.663
  5    39.518    76.867    10.647    34.095     0.664
  6    39.521    76.862    11.202    34.374     0.695
  7    39.530    76.865    10.941    34.334     0.691
  8    39.526    76.862    11.342    34.134     0.665
  9    39.526    76.863    10.710    34.282     0.687
 
iteration:   30,  misfit: min=   0.66199, mean=   0.66536, minc=   0.66242

      lat       lon       dep       sec       misfit
  1    39.520    76.878    11.055    34.252     0.667
  2    39.519    76.873    11.071    34.200     0.664
  3    39.525    76.870    11.080    34.294     0.670
  4    39.523    76.870    10.836    34.250     0.668
  5    39.517    76.871    11.221    34.288     0.662
  6    39.518    76.865    11.423    34.153     0.666
  7    39.522    76.865    11.264    34.212     0.663
  8    39.520    76.866    11.567    34.286     0.663
  9    39.521    76.870    11.436    34.228     0.665
 
 * DISPLY
              HYPOCENTRE SOLUTION      LI
              ShakeNA program           PDE
  DATE:
    Year      1997                     1997
    Month     IV                       IV  
    Day        6                        6
    Hour       4                        4
    Minute    36                       36
    Second      34.246                   30.000
  LOCATION:
    Latitude    39.519                   43.000
    Longitude   76.868                   74.000
    Depth       11.035                   10.000
  RESIDUAL:          0.662                   13.634

 Arrival Times for estimated hypocentre
 CODE         HOUR MIN  SEC     RESID     chr  cmn  csec   delta     baz
 NRIL P        4   42   48.10   -0.32      4   42   48.42   30.68      8.0
 NRIL S        4   47   51.00    0.51      4   47   50.49   30.68      8.0
 HIA  P        4   42   58.30    0.06      4   42   58.24   31.77     57.8
 HIA  S        4   48    9.40    1.45      4   48    7.95   31.77     57.8
 SSE  P        4   43   42.30    0.00      4   43   42.30   36.83     89.2
 SSE  S        4   49   27.80    1.33      4   49   26.47   36.83     89.2
 YAK  P        4   43   57.50   -1.08      4   43   58.58   38.80     36.8
 YAK  S        4   49   53.60   -2.07      4   49   55.67   38.80     36.8
 DPC  P        4   44   35.10    1.51      4   44   33.59   43.03    305.3
 KBS  P        4   45    3.30    0.44      4   45    2.86   46.75    346.1
 MAJO P        4   45    8.40   -1.54      4   45    9.94   47.59     73.2
 MAJO S        4   52    3.80   -1.28      4   52    5.08   47.59     73.2
 KMBO P        4   46    0.80    0.03      4   46    0.77   54.31    231.7
 BGCA P        4   46   57.30   -1.48      4   46   58.78   62.61    252.9
 DBIC P        4   48   39.50   -1.26      4   48   40.76   79.41    269.9
 
