5G stations (+ permanent AU)

AEB01 -28.76255 136.80300 0.008 1
AEB02 -25.98769 135.32477 0.159 1
AEB03 -25.98406 136.37827 0.085 1
AEB04 -29.02040 135.56540 0.109 1
AEB05 -25.99184 137.14548 0.041 1
AEB06 -25.98794 137.98110 0.033 1
AEB07 -26.32570 139.49050 0.028 1
AEB08 -27.32830 138.77000 0.036 1
AEB09 -26.91610 139.43970 0.032 1
AEB10 -25.91340 138.78890 0.032 1
AEB11 -28.01180 138.68560 0.064 1
AEB12 -28.70387 138.65393 0.288 1
AEB13 -29.32332 138.34551 0.058 1
AEB14 -29.64040 137.67110 0.080 1
AEB15 -29.30604 136.72601 0.041 1
AEB16 -28.84038 136.40925 0.095 1
AEB17 -28.23664 135.89865 0.104 1
AEB18 -27.30880 135.23050 0.150 1
AEB19 -26.85031 134.88899 0.188 1
AEB20 -26.36104 134.44265 0.292 1
AES01 -26.26839 133.79750 0.378 1
AES02 -26.75206 134.11236 0.259 1
AES03 -27.15861 134.43713 0.218 1
AES04 -28.47651 135.41656 0.104 1
AES05 -29.05380 135.16350 0.139 1
AES06 -29.36500 136.10810 0.108 1
AES07 -26.10950 134.85565 0.221 1
AES08 -26.66200 135.23101 0.167 1
AES09 -27.34817 135.90461 0.139 1
AES10 -28.12196 136.46718 0.028 1
AES11 -27.86760 136.30335 0.073 1
AES12 -29.07021 136.99616 0.027 1
AES13 -29.79769 136.88997 0.066 1
AES14 -28.92840 135.85220 0.136 1
AES15 -28.86343 136.16799 0.101 1
AES16 -28.01480 135.10150 0.089 1
AES17 -26.12810 137.59248 0.030 1
AES18 -25.85609 137.36980 0.005 1
AES19 -25.75005 137.66465 0.042 1
AES20 -25.73140 134.27010 0.329 1
OOD   -27.79440 135.68800 0.130 1
MULG  -30.28180 134.05850 0.215 1
LCRK  -30.44720 138.21620 0.184 1
