PIDC Stations(+ Fennoscandia)

PFO          33.60917      -116.45528      1.280      1.000
ELK          40.74483      -115.23878      2.210      1.000
NEW          48.26333      -117.12000      0.760      1.000
ULM          50.24967       -95.87500      0.281      1.000
TKL          35.65806       -83.77417      0.350      1.000
YKA          62.49322      -114.60528      0.197      1.000
FRB          63.74667       -68.54667      0.018      1.000
HIA          49.26669       119.74169      0.610      1.000
MAW         -67.60389        62.87055      0.012      1.000
WRA         -19.94431       134.34088      0.366      1.000
CTA         -20.08833       146.25444      0.357      1.000
INK          68.30667      -133.51999      0.040      1.000
HFS          60.13417        13.69556      0.265      1.000
EKA          55.33320        -3.15880      0.353      1.000
BBB          52.18470      -128.11331      0.014      1.000
ARU          56.40000        58.60000      0.250      1.000
OBN          55.16667        36.60000      0.000      1.000
ILAR         64.77140      -146.88660      0.419      1.000
SCHQ         54.83190       -66.83360      0.501      1.000
LPAZ        -16.28790       -68.13070      4.774      1.000
FINES        61.44360        26.07710      0.150      1.000
MJAR         36.54270       138.20700      0.406      1.000
KSAR         37.44210       127.88440      0.109      1.000
CMAR         18.45750        98.94290      0.307      1.000
BOSA        -28.61370        25.25590      1.280      1.000
JCJ          27.10000       142.17999      0.150      1.000
JNU          33.12000       130.88000      0.540      1.000
JHJ          33.12000       139.8200       0.000      1.000
STKA        -31.87690       141.59520      0.230      1.000
BRAR         39.85350        32.76080      1.243      1.000
TXAR         29.33380      -103.66700      1.013      1.000
SPITS        78.17770        16.37000      0.323      1.000
CTA         -20.08820       146.25450      0.357      1.000 
FITZ        -18.10300       125.64300      0.110      1.000
HNR          -9.43220       159.94710      0.072      1.000
NVAR         38.4295       -118.3037       0.000      1.000
PDAR         42.7667       -109.5583       2.224      1.000
ARCES        69.5349         25.5058       0.403      1.000
NORES        60.7353        11.5414        0.3020     1.000
NOA          61.0397         11.2148       0.000      1.000
PDY          59.6333        112.7003       0.300      1.000
PLCA        -40.7306        -70.5500       0.950      1.000
ESDC         39.6755         -3.9617       0.753      1.000
GERES        48.8451         13.7016       1.132      1.000
ZAL          53.9367         84.7981       0.000      1.000
ASAR        -23.6664        133.9044       0.607      1.000
JOW          26.8300        128.2900       0.000      1.000
JKA          44.1160        142.6000       0.000      1.000        
KVAR         43.9557         42.6952       1.196      1.000
BGCA          5.1761         18.4242       0.576      1.000
DBIC          6.6701         -4.8563       0.025      1.000         
DLBC         58.4372       -130.0272       0.978      1.000     
LBTB        -25.0151         25.5967       0.000      1.000   
BDFB        -15.6440        -48.0141       1.095      1.000            
CPUP        -26.3306         57.3292       0.005      1.000        
VRAC         49.3083         16.5935       0.475      1.000
DAVOS        46.8394          9.7943       0.000      1.000
BRAR         39.8535         32.6608       0.000      1.000
CMAR         18.4575         98.9429       0.307      1.000
EIL          29.6699         34.9512       0.000      1.000
BJT          40.0183        116.1679       0.197      1.000
NIL          33.6500         73.2512       0.000      1.000
APA0         67.6061         32.9931       0.200      1.000
NRI          69.0061         87.9964       0.498      1.000
KBS          78.91750        11.92389      0.046      1.000
KEV          69.75528        27.00667      0.080      1.000
KJN          64.08528        27.71194      0.250      1.000
NUR          60.50900        24.65142      0.102      1.000
PKK          60.00520        24.51694      0.010      1.000
JOF          62.91819        31.31236      0.180      1.000
KAF          62.11278        26.30611      0.205      1.000
KEF          62.16722        24.87028      0.215      1.000
SDF          67.42031        26.39361      0.277      1.000
SUF          62.71917        26.15055      0.185      1.000
VAF          62.04219        22.67150      0.055      1.000
