WORLD WIDE SEISMIC STATIONS

ALE          82.50300       -62.35000      0.065     1.000
ANP          25.18333       121.51670      0.827     1.000
APO          60.53900        13.92800      0.340     1.000
ASPA        -23.66695       133.90140      0.555     1.000
BAG          16.41083       120.57972      1.507     1.000
BAL         -30.6065        116.7072       0.300     1.000
BJI          40.04028       116.17500      0.043     1.000
BOD          57.85000       114.18333      0.250     1.000
BRS         -27.39166       152.77500      0.525     1.000
BTO          40.59833       110.01833      1.120     1.000
CDF          48.41222         7.27611      1.068     1.000
CD2          30.91000       103.75777      0.628     1.000
CGP           8.45483       124.69417      0.100     1.000
COL          64.90000      -147.79889      0.320     1.000
CTAO        -20.08833       146.25444      0.360     1.000
CVP          17.70450       121.82166      0.100     1.000
CWC          36.43834      -118.07833      1.620     1.000
DAV           7.08778       125.57472      0.085     1.000
DMN          27.60900        85.10600      2.225     1.000
DZM         -22.07111       166.44444      0.905     1.000
EBL          55.77333        -3.04361      0.365     1.000
ELT          53.25000        86.26667      0.100     1.000
EPF          43.03083         0.34000      0.750     1.000
EDM          53.22167      -113.35000      0.730     1.000
EUR          39.48333      -115.97000      2.178     1.000
FBAS         64.77111      -146.88560      0.400     1.000
FFC          54.72500      -101.97833      0.338     1.000
GBA          13.60417        77.43611      0.686     1.000
GLA          33.05250      -114.82650      0.627     1.000
GRF          49.69189        11.22167      0.500     1.000
GTA          39.40000        99.80000      1.341     1.000
GWC          55.29167       -77.75333      0.008     1.000
GRR          48.38833        -0.85833      0.220     1.000
GSC          35.30167      -116.80461      0.990     1.000
GUA          13.53833       144.91167      0.230     1.000
GUMO         13.58780       144.86632      0.135     1.000
GYA          26.45861       106.66389      1.162     1.000
HAU          48.00555         6.34806      0.577     1.000
HFS          60.13400        13.69600      0.265     1.000
HYB          17.41694        78.55305      0.510     1.000
ILT          67.83334      -178.80000      0.010     1.000
INK          68.30700      -133.52000      0.040     1.000
IMA          66.06847      -153.67860      1.380     1.000
IPM           4.57950       101.02551      0.246     1.000
JAS          37.94667      -120.43833      0.457     1.000
JAS1         37.92667      -120.42000      0.425     1.000
JAY          -2.51483       140.70470      0.400     1.000
KAD          17.30547        74.18308      0.581     1.000
KBL          34.54083        69.04317      1.920     1.000
KHO          37.48333        71.38333      1.850     1.000
KHK1         -8.36433       115.60816      0.100     1.000
KIC           6.36056        -4.74111      0.175     1.000
KJF          64.19917        27.71472      0.160     1.000
KLB         -31.5778        117.7600       0.300     1.000
KLG         -30.7833        121.4583       0.360     1.000
KKN          27.79000        85.28000      1.920     1.000
KNA         -15.7500        128.7667       0.150     1.000
KMI          25.12333      102.74000       1.945     1.000
KOD          10.23333        77.46667      2.345     1.000
KON          59.64908         9.59819      0.216     1.000
KRP         -37.92500       175.53751      0.064     1.000
LDF          48.59361        -0.12222      0.290     1.000
LOR          47.26833         3.85889      0.520     1.000
LPF          48.03153        -1.04083      0.156     1.000
LRM          45.82217      -112.45100      2.326     1.000
LZH          36.08667       103.84444      1.560     1.000
MTD         -16.78000        31.58333      0.967     1.000
MBC          76.24167      -119.36000      0.015     1.000
MBL         -21.1600        119.8333       0.200     1.000
MDG          -5.24972       145.77970      0.003     1.000
MEK         -26.61278       118.5450       0.520     1.000
MRWA        -29.21800       115.99599      0.300     1.000
NAU         -22.54417       115.50000      0.080     1.000
MAN          14.66000       121.07800      0.070     1.000
MAT          36.54167       138.20667      0.407     1.000
MOY          51.68333       100.98333      0.100     1.000
MNA          38.43278      -118.15667      1.525     1.000
MTN         -12.8467        131.1300       0.040     1.000
MUN         -31.9783        116.2083       0.253     1.000
NAU         -22.4420        115.5000       0.080     1.000
NBK         -32.7010        137.9830       0.180     1.000
NB2          61.03972        11.21475      0.717     1.000
NDI          28.68333        77.21667      0.230     1.000
NEW          48.26333      -117.12000      0.760     1.000
NIE          49.42361        20.32195      0.555     1.000
NUR          60.50901        24.65142      0.102     1.000
NWAO        -32.9267        117.2333       0.265     1.000
OBN          55.16667        36.60000      0.100     1.000
ORV          39.55500      -121.50000      0.360     1.000
PAS          34.14833      -118.17166      0.295     1.000
PKI          27.57100        85.40900      2.758     1.000
PSI           2.69500        98.92400      0.100     1.000
PLP          11.16500       124.97884      0.10      1.000
PNT          49.31667      -119.61667      0.550     1.000
PMG          -9.40917       147.15390      0.067     1.000
PMO         -15.00361      -147.89722      0.002     1.000
POO          18.53333        73.85000      0.560     1.000
PRI          36.14167      -120.66500      1.187     1.000
QUE          30.18833        66.95000      1.721     1.000
RKG         -34.06983       117.01039      0.300     1.000
RSSD         44.12042      -104.03619      2.060     1.000
SHI          29.64444        52.52611      1.595     1.000
SHL          25.56667        91.88333      0.160     1.000
SLL          60.47600        13.32000      0.390     1.000
SOD          67.37117        26.62908      0.181     1.000
SSF          47.06153         3.50597      0.355     1.000
SUF          62.71917        26.15055      0.185     1.000
SVE          56.81000        60.63667      0.275     1.000
TAF          34.81417        -2.41417      0.820     1.000
TIK          71.63333       128.86667      0.025     1.000
TPC          34.10583      -116.04884      0.720     1.000
TRT          -7.70400       112.63499      0.100     1.000
UPP          59.85833        17.62667      0.014     1.000
VAH         -15.23889      -147.63112      0.003     1.000
VAN          37.95000        58.10000      0.250     1.000
WBN         -26.1400        126.5780       0.457     1.000
WB2         -19.94440       134.35250      0.366     1.000
WDC          40.58000      -122.53972      0.300     1.000
WMQ          43.82111        87.69500      0.970     1.000
XAN          34.03944       108.92139      0.630     1.000
YAK          62.01667       129.71666      0.125     1.000
YKC          62.47833      -114.47334      0.198     1.000
YKA          62.49322      -114.60528      0.200     1.000
YYI          26.56667        94.68333      0.707     1.000
ZAK          50.38334       103.28333      0.100     1.000
