shakeNA:     L1

iteration:    0,  misfit: min=   0.63613, mean=   1.80921, minc=   0.63613

      lat       lon       dep       sec       misfit
  1    72.648    57.352    15.000    59.900     0.636
  2    73.648    58.352     7.500    49.900     1.375
  3    71.648    56.352    22.500    69.900     1.247
  4    73.148    55.852     3.750    54.900     1.366
  5    71.148    57.852    18.750    74.900     3.178
  6    72.148    58.852    11.250    44.900     1.764
  7    74.148    56.852    26.250    64.900     2.279
  8    74.398    55.602    16.875    77.400     3.800
  9    72.398    57.602     1.875    57.400     0.636

iteration:    1,  misfit: min=   0.63613, mean=   1.61688, minc=   0.90541

      lat       lon       dep       sec       misfit
  1    72.027    58.759    23.850    59.287     1.060
  2    73.078    56.594    19.619    58.500     0.905
  3    72.297    56.520    18.629    57.837     1.014
  4    72.121    57.195    11.058    48.754     1.822
  5    72.323    58.601    28.727    51.969     1.207
  6    72.175    57.893     4.420    60.846     1.119
  7    71.556    56.830     2.255    70.491     2.135
  8    72.135    57.691     5.634    48.399     1.570
  9    71.251    58.010     1.039    74.900     3.718

iteration:    2,  misfit: min=   0.63613, mean=   1.42860, minc=   0.67428

      lat       lon       dep       sec       misfit
  1    71.228    57.568    15.541    58.749     1.351
  2    74.140    57.503    15.259    60.715     2.158
  3    72.618    57.828    16.802    58.378     0.674
  4    72.929    58.418    11.927    68.874     2.844
  5    73.153    57.396    16.695    62.961     1.298
  6    72.197    56.744     4.599    56.561     0.934
  7    72.405    57.601     2.101    52.996     0.994
  8    73.458    57.398     4.164    58.151     1.253
  9    73.474    57.159     2.234    50.911     1.350

iteration:    3,  misfit: min=   0.63613, mean=   0.89473, minc=   0.67594

      lat       lon       dep       sec       misfit
  1    72.192    56.876    12.834    64.160     0.864
  2    72.892    57.314    15.328    61.953     0.945
  3    72.674    57.450    10.324    57.395     0.676
  4    72.475    57.431    14.602    55.684     0.888
  5    71.984    57.096    14.826    57.445     1.004
  6    72.365    57.683     3.014    59.439     0.821
  7    72.723    57.489     0.422    59.402     0.852
  8    71.692    57.687     0.370    59.048     0.998
  9    72.792    57.825     2.244    59.146     1.006

iteration:    4,  misfit: min=   0.58314, mean=   0.74533, minc=   0.58314

      lat       lon       dep       sec       misfit
  1    72.475    57.339    14.399    61.469     0.732
  2    72.884    57.682    13.893    59.050     0.831
  3    72.483    57.212    12.508    59.424     0.583
  4    72.709    56.953    16.798    58.778     0.696
  5    72.370    57.202    15.551    59.718     0.613
  6    72.404    57.129     2.782    58.038     0.628
  7    72.376    57.560     0.600    56.055     0.693
  8    71.952    57.421     3.924    57.061     0.923
  9    71.979    57.410     3.876    55.362     1.009

iteration:    5,  misfit: min=   0.58314, mean=   0.70517, minc=   0.61472

      lat       lon       dep       sec       misfit
  1    72.462    57.362    12.966    58.521     0.623
  2    72.629    56.830     8.885    60.374     0.615
  3    72.528    56.867    12.054    58.219     0.739
  4    73.151    56.835    11.393    58.238     0.897
  5    72.924    56.654    11.821    58.647     0.779
  6    72.458    57.037    15.302    59.585     0.627
  7    72.069    57.261    19.467    61.172     0.732
  8    72.212    57.035    14.467    60.437     0.695
  9    72.269    57.052    18.950    61.650     0.640

iteration:    6,  misfit: min=   0.58314, mean=   0.81828, minc=   0.61212

      lat       lon       dep       sec       misfit
  1    72.334    57.263    10.856    62.452     0.877
  2    72.842    57.318    11.106    62.333     1.044
  3    72.379    57.176     9.784    62.418     0.854
  4    72.248    57.384    10.951    60.373     0.686
  5    72.334    57.442    10.191    63.247     1.147
  6    72.519    57.268    16.199    58.937     0.630
  7    72.162    57.146    16.567    58.691     0.803
  8    72.376    57.380    14.752    59.229     0.612
  9    72.341    57.462    17.139    57.892     0.712

iteration:    7,  misfit: min=   0.58314, mean=   0.73208, minc=   0.61003

      lat       lon       dep       sec       misfit
  1    72.553    57.235    10.917    60.219     0.610
  2    72.211    57.171    12.771    59.471     0.705
  3    72.373    57.094    12.420    59.298     0.631
  4    72.625    57.140    13.562    57.165     0.771
  5    72.361    57.186    11.339    59.270     0.623
  6    72.144    57.576    14.199    59.208     0.721
  7    72.249    57.735    15.589    61.758     0.915
  8    72.089    57.463    15.231    59.714     0.742
  9    72.036    57.601    14.890    61.948     0.871

iteration:    8,  misfit: min=   0.58314, mean=   0.65689, minc=   0.58985

      lat       lon       dep       sec       misfit
  1    72.480    57.139    12.982    57.987     0.709
  2    72.609    57.156    12.203    60.821     0.646
  3    72.516    57.190    13.342    59.478     0.590
  4    72.506    57.207    14.155    59.454     0.591
  5    72.392    57.194    12.823    58.489     0.662
  6    72.504    57.481     9.230    60.524     0.768
  7    72.771    57.210    11.439    59.693     0.697
  8    72.547    57.242     9.491    60.219     0.628
  9    72.585    57.278     9.800    59.737     0.621

iteration:    9,  misfit: min=   0.57422, mean=   0.61404, minc=   0.57422

      lat       lon       dep       sec       misfit
  1    72.391    57.258    12.870    60.666     0.631
  2    72.501    57.344    12.184    60.298     0.633
  3    72.402    57.274    13.011    60.746     0.640
  4    72.447    57.194    12.199    59.904     0.582
  5    72.547    57.210    12.419    59.908     0.589
  6    72.539    57.251    13.341    61.150     0.681
  7    72.422    57.139    13.134    60.211     0.589
  8    72.610    57.250    13.425    59.705     0.609
  9    72.500    57.281    13.215    59.784     0.574

iteration:   10,  misfit: min=   0.57422, mean=   0.59893, minc=   0.58164

      lat       lon       dep       sec       misfit
  1    72.463    57.371    12.958    59.606     0.584
  2    72.517    57.350    13.314    59.690     0.582
  3    72.569    57.345    13.485    60.309     0.628
  4    72.534    57.359    13.118    59.385     0.590
  5    72.503    57.363    13.764    59.973     0.588
  6    72.470    57.148    12.404    59.636     0.582
  7    72.412    57.231    11.726    60.103     0.601
  8    72.454    57.082    11.876    60.984     0.615
  9    72.416    57.105    11.422    60.925     0.622

iteration:   11,  misfit: min=   0.57422, mean=   0.59493, minc=   0.57524

      lat       lon       dep       sec       misfit
  1    72.534    57.272    12.980    59.278     0.590
  2    72.455    57.228    13.532    59.981     0.578
  3    72.448    57.251    12.941    60.003     0.585
  4    72.508    57.303    13.344    60.285     0.601
  5    72.462    57.299    13.015    60.003     0.588
  6    72.515    57.343    13.458    60.112     0.596
  7    72.526    57.327    13.127    60.148     0.599
  8    72.483    57.362    13.352    59.500     0.575
  9    72.525    57.485    13.266    59.977     0.642

iteration:   12,  misfit: min=   0.57422, mean=   0.58926, minc=   0.57902

      lat       lon       dep       sec       misfit
  1    72.536    57.256    13.631    59.465     0.588
  2    72.539    57.257    13.424    59.937     0.586
  3    72.516    57.265    13.285    59.613     0.579
  4    72.508    57.308    13.157    59.901     0.580
  5    72.489    57.265    13.537    59.419     0.580
  6    72.413    57.348    13.679    58.892     0.607
  7    72.512    57.404    13.632    58.934     0.599
  8    72.421    57.316    13.928    59.345     0.588
  9    72.405    57.369    13.642    59.266     0.596

iteration:   13,  misfit: min=   0.57413, mean=   0.57756, minc=   0.57413

      lat       lon       dep       sec       misfit
  1    72.500    57.247    12.950    59.838     0.574
  2    72.506    57.275    13.132    59.865     0.576
  3    72.507    57.291    13.334    59.897     0.577
  4    72.481    57.266    13.299    59.983     0.578
  5    72.449    57.263    13.272    59.684     0.576
  6    72.495    57.350    13.123    59.504     0.577
  7    72.475    57.420    13.552    59.469     0.584
  8    72.498    57.361    13.310    59.339     0.582
  9    72.454    57.327    13.560    59.421     0.575

iteration:   14,  misfit: min=   0.57215, mean=   0.58429, minc=   0.57215

      lat       lon       dep       sec       misfit
  1    72.496    57.237    12.583    60.373     0.600
  2    72.487    57.279    12.595    59.590     0.573
  3    72.540    57.281    12.683    59.797     0.589
  4    72.548    57.258    12.877    60.009     0.594
  5    72.503    57.254    12.759    60.464     0.608
  6    72.490    57.281    13.156    59.485     0.576
  7    72.485    57.283    13.266    59.585     0.573
  8    72.490    57.305    13.167    59.636     0.572
  9    72.499    57.281    13.345    59.668     0.574

iteration:   15,  misfit: min=   0.57084, mean=   0.57457, minc=   0.57084

      lat       lon       dep       sec       misfit
  1    72.512    57.322    13.123    59.464     0.580
  2    72.463    57.311    13.158    59.605     0.574
  3    72.440    57.313    13.082    59.514     0.579
  4    72.487    57.318    13.320    59.543     0.573
  5    72.488    57.324    13.143    59.452     0.576
  6    72.471    57.271    13.163    59.737     0.572
  7    72.477    57.283    13.279    59.698     0.571
  8    72.458    57.288    13.197    59.441     0.573
  9    72.479    57.283    13.440    59.521     0.574

iteration:   16,  misfit: min=   0.57084, mean=   0.57547, minc=   0.57084

      lat       lon       dep       sec       misfit
  1    72.485    57.277    13.349    59.812     0.571
  2    72.478    57.275    13.309    59.672     0.571
  3    72.459    57.284    13.381    59.787     0.576
  4    72.447    57.305    13.424    59.953     0.587
  5    72.471    57.301    13.356    59.870     0.579
  6    72.488    57.312    13.024    59.563     0.572
  7    72.500    57.302    13.152    59.566     0.575
  8    72.482    57.315    13.123    59.719     0.574
  9    72.495    57.307    13.158    59.576     0.574

iteration:   17,  misfit: min=   0.57084, mean=   0.57210, minc=   0.57088

      lat       lon       dep       sec       misfit
  1    72.489    57.281    13.287    59.728     0.572
  2    72.474    57.294    13.243    59.694     0.572
  3    72.477    57.295    13.293    59.747     0.572
  4    72.462    57.284    13.233    59.641     0.572
  5    72.470    57.279    13.334    59.772     0.573
  6    72.464    57.277    13.303    59.712     0.573
  7    72.485    57.241    13.439    59.716     0.573
  8    72.480    57.258    13.339    59.714     0.571
  9    72.482    57.268    13.302    59.735     0.571

iteration:   18,  misfit: min=   0.57067, mean=   0.57220, minc=   0.57067

      lat       lon       dep       sec       misfit
  1    72.481    57.284    13.267    59.713     0.571
  2    72.472    57.279    13.301    59.696     0.571
  3    72.479    57.288    13.310    59.636     0.571
  4    72.475    57.286    13.335    59.714     0.571
  5    72.473    57.286    13.260    59.666     0.571
  6    72.474    57.269    13.245    59.588     0.572
  7    72.482    57.267    13.370    59.537     0.575
  8    72.476    57.264    13.255    59.579     0.573
  9    72.476    57.265    13.367    59.516     0.575

iteration:   19,  misfit: min=   0.57067, mean=   0.57116, minc=   0.57068

      lat       lon       dep       sec       misfit
  1    72.472    57.287    13.278    59.721     0.572
  2    72.473    57.291    13.237    59.624     0.571
  3    72.467    57.291    13.262    59.631     0.571
  4    72.472    57.281    13.235    59.629     0.571
  5    72.476    57.281    13.221    59.639     0.571
  6    72.477    57.279    13.303    59.691     0.571
  7    72.476    57.275    13.317    59.747     0.571
  8    72.475    57.275    13.270    59.747     0.571
  9    72.474    57.281    13.308    59.747     0.572

iteration:   20,  misfit: min=   0.57061, mean=   0.57152, minc=   0.57061

      lat       lon       dep       sec       misfit
  1    72.469    57.287    13.298    59.670     0.571
  2    72.471    57.287    13.222    59.667     0.571
  3    72.477    57.287    13.261    59.666     0.571
  4    72.468    57.284    13.247    59.648     0.571
  5    72.473    57.288    13.290    59.645     0.571
  6    72.474    57.279    13.241    59.566     0.572
  7    72.467    57.281    13.229    59.512     0.572
  8    72.472    57.279    13.163    59.520     0.573
  9    72.472    57.283    13.189    59.519     0.572

iteration:   21,  misfit: min=   0.57051, mean=   0.57091, minc=   0.57051

      lat       lon       dep       sec       misfit
  1    72.475    57.288    13.268    59.608     0.571
  2    72.471    57.284    13.282    59.635     0.571
  3    72.472    57.288    13.305    59.562     0.571
  4    72.470    57.291    13.287    59.622     0.571
  5    72.469    57.291    13.356    59.557     0.571
  6    72.471    57.284    13.272    59.677     0.571
  7    72.472    57.286    13.242    59.710     0.572
  8    72.472    57.285    13.240    59.663     0.571
  9    72.475    57.284    13.257    59.690     0.571

iteration:   22,  misfit: min=   0.57042, mean=   0.57079, minc=   0.57042

      lat       lon       dep       sec       misfit
  1    72.471    57.291    13.296    59.650     0.571
  2    72.464    57.294    13.315    59.606     0.571
  3    72.473    57.303    13.312    59.604     0.571
  4    72.477    57.300    13.318    59.580     0.571
  5    72.471    57.299    13.291    59.596     0.571
  6    72.470    57.283    13.339    59.619     0.571
  7    72.469    57.281    13.278    59.584     0.571
  8    72.468    57.285    13.275    59.623     0.570
  9    72.467    57.283    13.275    59.578     0.571

iteration:   23,  misfit: min=   0.57042, mean=   0.57072, minc=   0.57044

      lat       lon       dep       sec       misfit
  1    72.465    57.283    13.278    59.647     0.572
  2    72.468    57.288    13.283    59.630     0.571
  3    72.466    57.286    13.280    59.615     0.571
  4    72.465    57.287    13.316    59.597     0.571
  5    72.466    57.287    13.254    59.616     0.571
  6    72.472    57.289    13.287    59.618     0.571
  7    72.469    57.294    13.288    59.618     0.570
  8    72.475    57.294    13.302    59.594     0.571
  9    72.469    57.288    13.282    59.610     0.570

iteration:   24,  misfit: min=   0.57042, mean=   0.57075, minc=   0.57047

      lat       lon       dep       sec       misfit
  1    72.468    57.286    13.281    59.614     0.570
  2    72.468    57.285    13.271    59.652     0.571
  3    72.468    57.284    13.282    59.623     0.570
  4    72.469    57.284    13.287    59.596     0.571
  5    72.469    57.284    13.258    59.613     0.571
  6    72.469    57.289    13.298    59.591     0.571
  7    72.468    57.288    13.280    59.557     0.571
  8    72.468    57.292    13.283    59.568     0.571
  9    72.469    57.287    13.281    59.583     0.571

iteration:   25,  misfit: min=   0.57042, mean=   0.57048, minc=   0.57043

      lat       lon       dep       sec       misfit
  1    72.468    57.285    13.284    59.621     0.570
  2    72.468    57.286    13.273    59.631     0.571
  3    72.469    57.286    13.272    59.628     0.570
  4    72.470    57.286    13.262    59.635     0.571
  5    72.470    57.286    13.268    59.620     0.571
  6    72.469    57.289    13.269    59.617     0.570
  7    72.469    57.288    13.281    59.610     0.570
  8    72.469    57.289    13.257    59.600     0.571
  9    72.469    57.289    13.283    59.613     0.570

iteration:   26,  misfit: min=   0.57039, mean=   0.57064, minc=   0.57039

      lat       lon       dep       sec       misfit
  1    72.467    57.285    13.275    59.622     0.570
  2    72.466    57.285    13.264    59.634     0.571
  3    72.468    57.284    13.272    59.624     0.570
  4    72.469    57.284    13.270    59.629     0.570
  5    72.468    57.284    13.275    59.614     0.571
  6    72.466    57.284    13.293    59.615     0.571
  7    72.468    57.285    13.299    59.625     0.570
  8    72.466    57.285    13.285    59.641     0.571
  9    72.465    57.285    13.301    59.617     0.571

iteration:   27,  misfit: min=   0.57037, mean=   0.57046, minc=   0.57037

      lat       lon       dep       sec       misfit
  1    72.469    57.286    13.289    59.633     0.570
  2    72.468    57.286    13.310    59.622     0.570
  3    72.468    57.283    13.303    59.642     0.571
  4    72.470    57.287    13.322    59.630     0.570
  5    72.467    57.287    13.327    59.631     0.571
  6    72.468    57.285    13.271    59.627     0.570
  7    72.468    57.285    13.278    59.622     0.570
  8    72.469    57.285    13.277    59.617     0.570
  9    72.469    57.285    13.277    59.618     0.570

iteration:   28,  misfit: min=   0.57036, mean=   0.57054, minc=   0.57036

      lat       lon       dep       sec       misfit
  1    72.469    57.284    13.315    59.595     0.571
  2    72.469    57.285    13.319    59.636     0.570
  3    72.469    57.285    13.309    59.616     0.570
  4    72.468    57.286    13.320    59.622     0.570
  5    72.467    57.283    13.317    59.601     0.571
  6    72.469    57.284    13.297    59.614     0.571
  7    72.468    57.286    13.300    59.619     0.570
  8    72.470    57.284    13.299    59.632     0.570
  9    72.470    57.285    13.300    59.619     0.570

iteration:   29,  misfit: min=   0.57035, mean=   0.57053, minc=   0.57035

      lat       lon       dep       sec       misfit
  1    72.467    57.285    13.326    59.621     0.570
  2    72.469    57.288    13.313    59.608     0.570
  3    72.469    57.288    13.324    59.607     0.570
  4    72.468    57.286    13.341    59.607     0.571
  5    72.467    57.286    13.339    59.591     0.571
  6    72.467    57.286    13.312    59.638     0.571
  7    72.469    57.286    13.309    59.630     0.570
  8    72.468    57.285    13.317    59.621     0.570
  9    72.467    57.284    13.308    59.628     0.570

iteration:   30,  misfit: min=   0.57035, mean=   0.57047, minc=   0.57035

      lat       lon       dep       sec       misfit
  1    72.467    57.285    13.308    59.630     0.570
  2    72.467    57.285    13.305    59.617     0.570
  3    72.468    57.283    13.308    59.624     0.571
  4    72.468    57.283    13.301    59.624     0.570
  5    72.467    57.285    13.308    59.638     0.571
  6    72.467    57.287    13.318    59.612     0.570
  7    72.468    57.286    13.319    59.618     0.570
  8    72.468    57.287    13.330    59.625     0.570
  9    72.469    57.287    13.322    59.619     0.570

 * DISPLY
              HYPOCENTRE SOLUTION      LI
              ShakeNA program          REB 
  DATE:
    Year      1997                     1997
    Month     VIII                     VIII
    Day       16                       16
    Hour       2                        2
    Minute    10                       10
    Second      59.628                   59.900
  LOCATION:
    Latitude    72.467                   72.648
    Longitude   57.284                   57.352
    Depth       13.308                    0.000
  RESIDUAL:          0.570                    0.819

 Arrival Times for estimated hypocentre
 CODE         HOUR MIN   SEC     RESID    chr  cmn  csec   delta     baz      slow
 APA0 Pn       2   13   18.00     0.97     2   13   17.03    9.57    251.5   13.7041
 APA0 Sn       2   15    0.00    -4.40     2   15    4.40    9.57    251.5   24.5539
 FINE Pn       2   14   46.30    -0.56     2   14   46.86   16.20    243.2   12.8287
 HFS  P        2   15   42.50     2.56     2   15   39.94   20.79    256.5   10.8204
 JOF  Pn       2   14    9.90    -2.12     2   14   12.02   13.59    238.5   13.6489
 JOF  Sn       2   16   29.10   -13.74     2   16   42.84   13.59    238.5   24.4088
 KAF  Pn       2   14   39.40     0.48     2   14   38.92   15.59    244.3   13.0369
 KBS  Pn       2   13   57.50    -0.13     2   13   57.63   12.54    320.6   13.6653
 KBS  Sn       2   16    8.10    -9.00     2   16   17.10   12.54    320.6   24.4520
 KEF  Pn       2   14   42.80    -0.68     2   14   43.48   15.94    246.4   12.9234
 KEV  Pn       2   13   25.20     0.79     2   13   24.41   10.11    269.2   13.6979
 KEV  S        2   15    7.90    -9.22     2   15   17.12   10.11    269.2   24.5375
 KJN  Pn       2   14   12.70     0.22     2   14   12.48   13.62    247.0   13.6484
 NORE P        2   15   44.20     2.58     2   15   41.62   20.95    259.9   10.8046
 NRI  Pn       2   13   31.40    -0.16     2   13   31.56   10.63     93.9   13.6916
 NRI  Sn       2   15   19.10   -11.32     2   15   30.42   10.63     93.9   24.5208
 NUR  Pn       2   15    2.30     0.72     2   15    1.58   17.36    243.4   12.4538
 PKK  Pn       2   15    7.10    -0.20     2   15    7.30   17.83    242.7   12.3423
 SDF  Pn       2   13   45.20     0.00     2   13   45.20   11.63    259.6   13.6785
 SDF  Sn       2   15   44.70   -10.15     2   15   54.85   11.63    259.6   24.4863
 SPIT Pn       2   13   44.30    -0.00     2   13   44.30   11.56    317.6   13.6794
 SPIT Sn       2   15   44.80    -8.44     2   15   53.24   11.56    317.6   24.4886
 SUF  Pn       2   14   34.30     1.25     2   14   33.05   15.14    245.8   13.1626
 VAF  Pn       2   14   41.40   -11.26     2   14   52.66   16.65    249.1   12.6575
 HFS  P                24.000  -12.07              36.071   20.79    256.5
 NORE P                38.000    0.61              37.393   20.95    259.9
 SPIT Pn              106.000    8.08              97.922   11.56    317.6
 SPIT Sn              100.000    2.08              97.922   11.56    317.6

