5G stations (+ permanent AU)

EB01        -28.76255      136.80300      0.008      1.000
EB02        -25.98769      135.32477      0.159      1.000
EB03        -25.98406      136.37827      0.085      1.000
EB04        -29.02040      135.56540      0.109      1.000
EB05        -25.99184      137.14548      0.041      1.000
EB06        -25.98794      137.98110      0.033      1.000
EB07        -26.32570      139.49050      0.028      1.000
EB08        -27.32830      138.77000      0.036      1.000
EB09        -26.91610      139.43970      0.032      1.000
EB10        -25.91340      138.78890      0.032      1.000
EB11        -28.01180      138.68560      0.064      1.000
EB12        -28.70387      138.65393      0.288      1.000
EB13        -29.32332      138.34551      0.058      1.000
EB14        -29.64040      137.67110      0.080      1.000
EB15        -29.30604      136.72601      0.041      1.000
EB16        -28.84038      136.40925      0.095      1.000
EB17        -28.23664      135.89865      0.104      1.000
EB18        -27.30880      135.23050      0.150      1.000
EB19        -26.85031      134.88899      0.188      1.000
EB20        -26.36104      134.44265      0.292      1.000
ES01        -26.26839      133.79750      0.378      1.000
ES02        -26.75206      134.11236      0.259      1.000
ES03        -27.15861      134.43713      0.218      1.000
ES04        -28.47651      135.41656      0.104      1.000
ES05        -29.05380      135.16350      0.139      1.000
ES06        -29.36500      136.10810      0.108      1.000
ES07        -26.10950      134.85565      0.221      1.000
ES08        -26.66200      135.23101      0.167      1.000
ES09        -27.34817      135.90461      0.139      1.000
ES10        -28.12196      136.46718      0.028      1.000
ES11        -27.86760      136.30335      0.073      1.000
ES12        -29.07021      136.99616      0.027      1.000
ES13        -29.79769      136.88997      0.066      1.000
ES14        -28.92840      135.85220      0.136      1.000
ES15        -28.86343      136.16799      0.101      1.000
ES16        -28.01480      135.10150      0.089      1.000
ES17        -26.12810      137.59248      0.030      1.000
ES18        -25.85609      137.36980      0.005      1.000
ES19        -25.75005      137.66465      0.042      1.000
ES20        -25.73140      134.27010      0.329      1.000
OOD         -27.79440      135.68800      0.130      1.000
MULG        -30.28180      134.05850      0.215      1.000
LCRK        -30.44720      138.21620      0.184      1.000
